*------------------------------------------------------------*
* Training Log
Date:                January 06, 2024
Time:                00:55:47
*------------------------------------------------------------*
10867  proc freq data=EMWS2.Part_VariableSet noprint;
10868  table ROLE*LEVEL/out=WORK.PartMETA;
10869  run;

NOTE: There were 16 observations read from the data set EMWS2.PART_VARIABLESET.
NOTE: The data set WORK.PARTMETA has 5 observations and 4 variables.
NOTE: PROCEDURE FREQ used (Total process time):
      real time           0.04 seconds
      cpu time            0.00 seconds
      

10870  proc print data=WORK.PartMETA label noobs;
10871  var ROLE LEVEL COUNT;
10872  label ROLE = "%sysfunc(sasmsg(sashelp.dmine, meta_role_vlabel, NOQUOTE))" LEVEL = "%sysfunc(sasmsg(sashelp.dmine, meta_level_vlabel, NOQUOTE))" COUNT = "%sysfunc(sasmsg(sashelp.dmine, rpt_count_vlabel, NOQUOTE))";
10873  title9 ' ';
10874  title10 "%sysfunc(sasmsg(sashelp.dmine, rpt_varSummary_title  , NOQUOTE))";
10875  run;

NOTE: There were 5 observations read from the data set WORK.PARTMETA.
NOTE: The PROCEDURE PRINT printed page 1.
NOTE: PROCEDURE PRINT used (Total process time):
      real time           0.01 seconds
      cpu time            0.00 seconds
      

10876  title10;

10884  *------------------------------------------------------------*;
10885  * Part: Determine number of observations;
10886  *------------------------------------------------------------*;
10887  proc sql;
10888  reset noprint;
10889  select count(*) into :_tmpa from EMWS2.Stat_TRAIN
10890  ;
NOTE: There were 6497 observations read from the data set EMWS2.FIMPORT_DATA.
NOTE: View EMWS2.STAT_TRAIN.VIEW used (Total process time):
      real time           0.04 seconds
      cpu time            0.03 seconds
      
NOTE: There were 6497 observations read from the data set EMWS2.FIMPORT_TRAIN.
10891  quit;
NOTE: PROCEDURE SQL used (Total process time):
      real time           0.05 seconds
      cpu time            0.03 seconds
      

trainPct=80 validatePct=0 testPct=20 
10892  *------------------------------------------------------------*;
10893  * Part: Create random partition;
10894  *------------------------------------------------------------*;
10895  data
10896  EMWS2.Part_TRAIN(label="")
10897  EMWS2.Part_TEST(label="")
10898  ;
10899  retain _seed_ 12345;
10900  drop _seed_ _genvalue_;
10901  call ranuni(_seed_, _genvalue_);
10902  label _dataobs_ = "%sysfunc(sasmsg(sashelp.dmine, sample_dataobs_vlabel, NOQUOTE))";
10903  _dataobs_ = _N_;
10904  drop _c00:;
10905  set EMWS2.Stat_TRAIN;
10906  if (6497 +1-_n_)*_genvalue_ <= (5198 - _C000001) then do;
10907  _C000001 + 1;
10908  output EMWS2.Part_TRAIN;
10909  end;
10910  else do;
10911  _C000002 + 1;
10912  output EMWS2.Part_TEST;
10913  end;
10914  run;

NOTE: There were 6497 observations read from the data set EMWS2.FIMPORT_DATA.
NOTE: View EMWS2.STAT_TRAIN.VIEW used (Total process time):
      real time           0.04 seconds
      cpu time            0.03 seconds
      
NOTE: There were 6497 observations read from the data set EMWS2.FIMPORT_TRAIN.
NOTE: There were 6497 observations read from the data set EMWS2.STAT_TRAIN.
NOTE: The data set EMWS2.PART_TRAIN has 5198 observations and 22 variables.
NOTE: The data set EMWS2.PART_TEST has 1299 observations and 22 variables.
NOTE: DATA statement used (Total process time):
      real time           0.05 seconds
      cpu time            0.03 seconds
      

10915  run;

10916  data _tempNobs;
10917  length Type $8 Table $32 Nobs 8;
10918  label type= "%sysfunc(sasmsg(sashelp.dmine, meta_type_vlabel,    NOQUOTE))" table = "%sysfunc(sasmsg(sashelp.dmine, meta_dataset_vlabel, NOQUOTE))" nobs = "%sysfunc(sasmsg(sashelp.dmine,  rpt_numObs_vlabel,   NOQUOTE))";
10919  type='DATA';
10920  table="EMWS2.Stat_TRAIN";
10921  Nobs=6497;
10922  output;
10923  type='TRAIN';
10924  table="EMWS2.Part_TRAIN";
10925  Nobs=5198;
10926  output;
10927  type='TEST';
10928  table="EMWS2.Part_TEST";
10929  Nobs=1299;
10930  output;
10931  run;

NOTE: The data set WORK._TEMPNOBS has 3 observations and 3 variables.
NOTE: DATA statement used (Total process time):
      real time           0.00 seconds
      cpu time            0.00 seconds
      

10932  %let _cn = %sysfunc(getoption(CENTER));
10933  %let _nb = %sysfunc(getoption(NUMBER));
10934  options nonumber nocenter;
10935  proc print data=_tempNobs noobs label;
10936  title9 ' ';
10937  title10 "%sysfunc(sasmsg(sashelp.dmine, rpt_partitionSummary_title, NOQUOTE))";
10938  run;

NOTE: There were 3 observations read from the data set WORK._TEMPNOBS.
NOTE: The PROCEDURE PRINT printed page 2.
NOTE: PROCEDURE PRINT used (Total process time):
      real time           0.00 seconds
      cpu time            0.00 seconds
      

10939  title10;
10940  options &_cn &_nb;
10941  run;

