 
                                                                                                                                                                                                                                                                
 
 
Variable Summary

            Measurement    Frequency
Role           Level         Count

ID           INTERVAL           1   
INPUT        INTERVAL          11   
INPUT        NOMINAL            2   
RESIDUAL     INTERVAL           1   
TARGET       INTERVAL           1   
 
                                                                                                                                                                                                                                                                
 
Variable Levels Summary
(maximum 500 observations printed)

                     Frequency
Variable     Role      Count

_dataobs_     ID        5196  
 
                                                                                                                                                                                                                                                                
 
Class Variable Summary Statistics
(maximum 500 observations printed)

Data Role=TRAIN

                                Number
Data      Variable                of                             Mode                  Mode2
Role        Name       Role     Levels    Missing    Mode     Percentage    Mode2    Percentage

TRAIN    TasterName    INPUT       6         0       Charl      17.59       Frank      17.57   
TRAIN    category      INPUT       2         0       white      75.35       red        24.65   
 
                                                                                                                                                                                                                                                                
 
Interval Variable Summary Statistics
(maximum 500 observations printed)

Data Role=TRAIN

                                                Standard          Non
Variable                Role            Mean    Deviation     Missing     Missing     Minimum      Median     Maximum    Skewness    Kurtosis

IMP_pH                  INPUT       3.218795      0.1604         5196           0        2.72        3.21        4.01    0.371845    0.305947
IMP_sulphates           INPUT       0.530823    0.148147         5196           0        0.22        0.51           2    1.784625      8.5232
TastingDate             INPUT       22464.07     317.087         5196           0       21915       22460       23010    0.023305    -1.20667
alcohol                 INPUT       10.49103    1.187563         5196           0           8        10.3        14.9    0.566146    -0.51724
chlorides               INPUT       0.055817    0.034148         5196           0       0.012       0.047       0.611    5.529824    55.93971
citric_acid             INPUT       0.315999    0.143651         5196           0           0        0.31        1.23    0.374397    1.447638
density                 INPUT       0.994686    0.003004         5196           0     0.98711     0.99488     1.03898    0.635631    8.408411
fixed_acidity           INPUT       7.216744    1.294262         5196           0         3.8           7        15.9    1.711445    5.035075
free_sulfur_dioxide     INPUT       30.55466    17.93263         5196           0           1          29         289    1.374884    9.533351
total_sulfur_dioxide    INPUT       115.5234    56.28581         5196           0           6         118         440    -0.02186    -0.42591
volatile_acidity        INPUT       0.340894    0.166381         5196           0        0.08        0.29        1.58    1.494422    2.820416
residual_sugar          RESIDUAL    5.414838    4.753995         5196           0         0.6           3        65.8    1.518332    5.408104
quality                 TARGET      5.809854    0.876397         5196           0           3           6           9    0.203642    0.175817
 
                                                                                                                                                                                                                                                                
 
Correlation Statistics
(maximum 500 observations printed)

Data Role=TRAIN Type=PEARSON Target=quality

Input                   Correlation

alcohol                    0.44511 
citric_acid                0.08695 
free_sulfur_dioxide        0.05655 
IMP_sulphates              0.04530 
IMP_pH                     0.01533 
TastingDate               -0.01307 
residual_sugar            -0.03586 
total_sulfur_dioxide      -0.03758 
fixed_acidity             -0.06541 
chlorides                 -0.19720 
volatile_acidity          -0.25900 
density                   -0.29658 
