 
                                                                                                                                                                                                                                                                
 
 
Fit Statistics

Target=quality Target Label=' '

   Fit
Statistics    Statistics Label                    Train       Test

  _NOBS_      Sum of Frequencies                5198.00    1299.00
  _SUMW_      Sum of Case Weights Times Freq    5198.00    1299.00
  _MAX_       Maximum Absolute Error               3.25       2.98
  _SSE_       Sum of Squared Errors             2646.31     653.53
  _ASE_       Average Squared Error                0.51       0.50
  _RASE_      Root Average Squared Error           0.71       0.71
  _DIV_       Divisor for ASE                   5198.00    1299.00
  _DFT_       Total Degrees of Freedom          5198.00        .  
 
                                                                                                                                                                                                                                                                
 
 
Assessment Score Rankings

Data Role=TRAIN Target Variable=quality Target Label=' '

           Number of       Mean        Mean
Depth    Observations     Target    Predicted

   5          260        6.80385     6.68000 
  10          260        6.64231     6.55185 
  15          260        6.43462     6.44195 
  20          260        6.43846     6.31787 
  25          260        6.17308     6.21577 
  30          260        6.05769     6.11867 
  35          260        6.09615     6.03362 
  40          260        6.03846     5.96126 
  45          260        6.03846     5.89868 
  50          259        5.75676     5.83343 
  55          260        5.66154     5.76843 
  60          260        5.65769     5.69199 
  65          260        5.66154     5.60478 
  70          260        5.45385     5.51445 
  75          260        5.37692     5.43633 
  80          260        5.26923     5.36896 
  85          260        5.32308     5.30554 
  90          260        5.13462     5.24118 
  95          260        5.15385     5.16985 
 100          259        5.01158     5.05373 
 
                                                                                                                                                                                                                                                                
 
 
Assessment Score Distribution

Data Role=TRAIN Target Variable=quality Target Label=' '

  Range for         Mean        Mean        Number of      Model
  Predicted        Target    Predicted    Observations     Score

6.715 -  6.809    6.95313     6.74763           64        6.76187
6.620 -  6.715    6.76879     6.66390          173        6.66720
6.525 -  6.620    6.66204     6.57131          216        6.57254
6.431 -  6.525    6.53070     6.47767          228        6.47787
6.336 -  6.431    6.35714     6.38486          182        6.38320
6.241 -  6.336    6.39149     6.28695          235        6.28853
6.147 -  6.241    6.17255     6.19528          255        6.19386
6.052 -  6.147    5.98893     6.09791          271        6.09920
5.957 -  6.052    6.13314     6.00468          338        6.00453
5.863 -  5.957    6.01741     5.90918          402        5.90986
5.768 -  5.863    5.71774     5.81299          372        5.81519
5.673 -  5.768    5.66987     5.72281          312        5.72052
5.579 -  5.673    5.63799     5.62562          279        5.62586
5.484 -  5.579    5.50890     5.52831          281        5.53119
5.389 -  5.484    5.35329     5.43489          334        5.43652
5.295 -  5.389    5.29873     5.34188          395        5.34185
5.200 -  5.295    5.17021     5.24730          376        5.24718
5.105 -  5.200    5.13740     5.15768          262        5.15251
5.011 -  5.105    5.03955     5.06128          177        5.05785
4.916 -  5.011    4.89130     4.97827           46        4.96318
