*------------------------------------------------------------*
* Score Log
Date:                January 06, 2024
Time:                00:55:38
*------------------------------------------------------------*
16338  %let EMEXCEPTIONSTRING=;
16339  *------------------------------------------------------------*;
16340  * SCORE: FIMPORT;
16341  *------------------------------------------------------------*;
16342  %let EM_ACTION = SCORE;
16343  %let syscc = 0;
16344  /* Fimport.source */
16345  %macro main;
16346        %if %upcase(&EM_ACTION) = CREATE %then %do;
16347           filename temp catalog 'sashelp.emsamp.Fimport_create.source';
16348           %include temp;
16349           filename temp;
16350           %create;
16351        %end;
16352        %else
16353        %if %upcase(&EM_ACTION) = TRAIN %then %do;
16354           filename temp catalog 'sashelp.emsamp.Fimport_train.source';
16355           %include temp;
16356           filename temp;
16357           %train;
16358        %end;
16359        %else
16360        %if %upcase(&EM_ACTION) = UPDATE %then %do;
16361           filename temp catalog 'sashelp.emsamp.Fimport_update.source';
16362           %include temp;
16363           filename temp;
16364           %update;
16365        %end;
16366        %else
16367        %if %upcase(&EM_ACTION) = PROPERTY %then %do;
16368           filename temp catalog 'sashelp.emsamp.Fimport_actions.source';
16369           %include temp;
16370           filename temp;
16371           %property;
16372        %end;
16373         %else
16374        %if %upcase(&EM_ACTION) = SCORE %then %do;
16375           filename temp catalog 'sashelp.emsamp.Fimport_score.source';
16376           %include temp;
16377           filename temp;
16378           %score;
16379        %end;
16380        %else
16381        %if %upcase(&EM_ACTION) = REPORT %then %do;
16382           filename temp catalog 'sashelp.emsamp.Fimport_report.source';
16383           %include temp;
16384           filename temp;
16385           %report;
16386        %end;
16387        %else
16388        %if %upcase(&EM_ACTION) = OPENVARIABLESET %then %do;
16389           filename temp catalog 'sashelp.emsamp.Fimport_actions.source';
16390           %include temp;
16391           filename temp;
16392           %openvariableset;
16393        %end;
16394        %else
16395        %if %upcase(&EM_ACTION) = CLOSEVARIABLESET %then %do;
16396           filename temp catalog 'sashelp.emsamp.Fimport_actions.source';
16397           %include temp;
16398           filename temp;
16399           %closevariableset;
16400        %end;
16401  %mend main;
16402  %main;
NOTE: %INCLUDE (level 1) file TEMP is file SASHELP.EMSAMP.FIMPORT_SCORE.SOURCE.
16403 +%macro score;
16404 +
16405 +   filename x "&EM_NODEDIR.&EM_DSEP._updatePath.st";
16406 +   data _null_;
16407 +      file x;
16408 +      put ' ';
16409 +   run;
16410 +   filename x;
16411 +
16412 +   %em_getname(key=DATA, type=DATA);
16413 +   %if %sysfunc(exist(&em_user_data)) %then %do;
16414 +       data &em_export_train / view=&em_export_train;
16415 +          set &em_user_data;
16416 +       run;
16417 +   %end;
16418 +
16419 +%mend score;
NOTE: %INCLUDE (level 1) ending.
NOTE: Fileref TEMP has been deassigned.

NOTE: The file X is:
      Filename=C:\Users\Oscar\Documents\Document\File need to backup\UM\Y4S1\Data Mining and Warehousing\GroupAssignment\GroupAssignment_2023\Workspaces\EMWS2\FIMPORT\_updatePath.st,
      RECFM=V,LRECL=32767,File Size (bytes)=0,
      Last Modified=06Jan2024:00:55:38,
      Create Time=06Jan2024:00:55:30

NOTE: 1 record was written to the file X.
      The minimum record length was 1.
      The maximum record length was 1.
NOTE: DATA statement used (Total process time):
      real time           0.00 seconds
      cpu time            0.00 seconds
      

NOTE: Fileref X has been deassigned.

NOTE: DATA STEP view saved on file EMWS2.FIMPORT_TRAIN.
NOTE: A stored DATA STEP view cannot run under a different operating system.
NOTE: DATA statement used (Total process time):
      real time           0.00 seconds
      cpu time            0.00 seconds
      

16420  *------------------------------------------------------------*;
16421  * End SCORE: FIMPORT;
16422  *------------------------------------------------------------*;

16424  *------------------------------------------------------------*;
16425  * FIMPORT: Computing metadata for TRAIN data;
16426  *------------------------------------------------------------*;

NOTE: View EMWS2.FIMPORT_TRAIN.VIEW used (Total process time):
      real time           0.02 seconds
      cpu time            0.01 seconds
      
NOTE: View EMWS2.FIMPORT_TRAIN.VIEW used (Total process time):
      real time           0.01 seconds
      cpu time            0.01 seconds
      
