*------------------------------------------------------------*
* Report Log
Date:                January 07, 2024
Time:                01:15:55
*------------------------------------------------------------*
16707  %let EMEXCEPTIONSTRING=;
16708  *------------------------------------------------------------*;
16709  * REPORT: FIMPORT3;
16710  *------------------------------------------------------------*;
16711  %let EM_ACTION = REPORT;
16712  %let syscc = 0;
16713  /* Fimport.source */
16714  %macro main;
16715        %if %upcase(&EM_ACTION) = CREATE %then %do;
16716           filename temp catalog 'sashelp.emsamp.Fimport_create.source';
16717           %include temp;
16718           filename temp;
16719           %create;
16720        %end;
16721        %else
16722        %if %upcase(&EM_ACTION) = TRAIN %then %do;
16723           filename temp catalog 'sashelp.emsamp.Fimport_train.source';
16724           %include temp;
16725           filename temp;
16726           %train;
16727        %end;
16728        %else
16729        %if %upcase(&EM_ACTION) = UPDATE %then %do;
16730           filename temp catalog 'sashelp.emsamp.Fimport_update.source';
16731           %include temp;
16732           filename temp;
16733           %update;
16734        %end;
16735        %else
16736        %if %upcase(&EM_ACTION) = PROPERTY %then %do;
16737           filename temp catalog 'sashelp.emsamp.Fimport_actions.source';
16738           %include temp;
16739           filename temp;
16740           %property;
16741        %end;
16742         %else
16743        %if %upcase(&EM_ACTION) = SCORE %then %do;
16744           filename temp catalog 'sashelp.emsamp.Fimport_score.source';
16745           %include temp;
16746           filename temp;
16747           %score;
16748        %end;
16749        %else
16750        %if %upcase(&EM_ACTION) = REPORT %then %do;
16751           filename temp catalog 'sashelp.emsamp.Fimport_report.source';
16752           %include temp;
16753           filename temp;
16754           %report;
16755        %end;
16756        %else
16757        %if %upcase(&EM_ACTION) = OPENVARIABLESET %then %do;
16758           filename temp catalog 'sashelp.emsamp.Fimport_actions.source';
16759           %include temp;
16760           filename temp;
16761           %openvariableset;
16762        %end;
16763        %else
16764        %if %upcase(&EM_ACTION) = CLOSEVARIABLESET %then %do;
16765           filename temp catalog 'sashelp.emsamp.Fimport_actions.source';
16766           %include temp;
16767           filename temp;
16768           %closevariableset;
16769        %end;
16770  %mend main;
16771  %main;
NOTE: %INCLUDE (level 1) file TEMP is file SASHELP.EMSAMP.FIMPORT_REPORT.SOURCE.
16772 +%macro report;
16773 +    %em_getname(key=EMSTAT,     type=DATA);
16774 +    %em_getname(key=EMINFO,     type=DATA);
16775 +    %em_getname(key=CLASS,      type=DATA);
16776 +    %em_getname(key=INTERVAL,   type=DATA);
16777 +
16778 +    %em_REPORT(key=EMSTAT,   viewtype=DATA, description=EMSTAT, block=Report, autodisplay=Y);
16779 +    %em_REPORT(key=INTERVAL, viewtype=LATTICE, LATTICETYPE=HISTOGRAM, LATTICEX=VARIABLE, DISCRETEX=Y, X=VALUE,FREQ=PERCENT,block=Report, description=INTERVALTARGET, autodisplay=N);
16780 +    %em_REPORT(key=CLASS, viewtype=LATTICE, LATTICEtype=BAR, LATTICEX=VARIABLE, X=VALUE,FREQ=PERCENT, block=Report, description=CLASSTARGET, autodisplay=Y);
16781 +
16782 +    %if &em_property_summarize eq Y %then %do;
16783 +        filename temp catalog 'sashelp.emmeta.emadvisestatistics.source';
16784 +        %include temp;
16785 +        filename temp;
16786 +
16787 +        data work.tempmeta;
16788 +           set &em_lib..&em_nodeid._CMETA_TRAIN;
16789 +           if ROLE='TARGET' and LEVEL ne 'INTERVAL' then output;
16790 +         run;
16791 +
16792 +        %class_profile(DATA=&em_export_train, OUTPUT=&em_user_class, VARS=,
16793 +                      METADATA=tempmeta, STAT=_STAT, FREQ=);
16794 +
16795 +         data work.tempmeta;
16796 +           set &em_lib..&em_nodeid._CMETA_TRAIN;
16797 +            if ROLE='TARGET' and LEVEL eq 'INTERVAL' then output;
16798 +         run;
16799 +         %var_profile(DATA=&em_export_train, OUTPUT=&em_user_INTERVAL, VARS=, METADATA=tempmeta, COMPUTESTAT=Y, STAT=_STAT, FREQ=,
16800 +                   BINDATA=, BIN=Y, NUMBARS=8, MINMAX=N);
16801 +
16802 +        data work.tempmeta;
16803 +           set &em_lib..&em_nodeid._CMETA_TRAIN;
16804 +        run;
16805 +
16806 +        %if "&em_property_advancedadvisor" eq "N" %then %do;
16807 +            %EmAdviseStat(&em_export_train, maxClassLevels=32, metadata=tempmeta, statisticData=&em_user_emstat);
16808 +
16809 +            data &em_data_exportset;
16810 +                 set &em_data_exportset;
16811 +                 if NODEPORT='TRAIN' then do;
16812 +                    EMINFO="&em_data_eminfo";
16813 +                    EMINFOMODTIME=datetime();
16814 +                 end;
16815 +            run;
16816 +        %end;
16817 +        %else %do;
16818 +            %em_getname(key=EMSTATDEFAULT,     type=DATA);
16819 +            %if %sysfunc(exist(&em_user_emstatdefault)) %then %do;
16820 +                data &em_user_emstat /  view=&em_user_emstat;
16821 +                   set &em_user_emstatdefault;
16822 +                run;
16823 +            %end;
16824 +        %end;
16825 +    %end;
16826 +    %else %do;
16827 +        %if "&em_property_advancedadvisor" eq "N" %then %do;
16828 +            proc datasets lib=&em_lib nolist;
16829 +               delete &em_nodeid._EMINFO;
16830 +            run;
16831 +            quit;
16832 +            data &em_data_exportset;
16833 +                 set &em_data_exportset;
16834 +                 if NODEPORT='TRAIN' then do;
16835 +                    EMINFO="";
16836 +                    EMINFOMODTIME=.;
16837 +                 end;
16838 +            run;
16839 +        %end;
16840 +    %end;
16841 +
16842 +    data &em_data_exportset;
16843 +       set &em_data_exportset;
16844 +       if NODEPORT='TRAIN' then do;
16845 +          ROLE="&em_property_role";
16846 +       end;
16847 +    run;
16848 +
16849 +    %if %sysfunc(exist(&em_data_variableSet)) %then %do;
16850 +        proc freq data=&em_data_variableset noprint;
16851 +             table ROLE*LEVEL/out=work.tempMeta;
16852 +        run;
16853 +        proc print data=work.tempmeta label noobs;
16854 +           var ROLE LEVEL COUNT;
16855 +           label ROLE  = "%sysfunc(sasmsg(sashelp.dmine, meta_role_vlabel, NOQUOTE))"
16856 +                 LEVEL = "%sysfunc(sasmsg(sashelp.dmine, meta_level_vlabel, NOQUOTE))"
16857 +                 COUNT = "%sysfunc(sasmsg(sashelp.dmine, rpt_count_vlabel, NOQUOTE))";
16858 +        title9  ' ';
16859 +        title10  "%sysfunc(sasmsg(sashelp.dmine, rpt_exptattributes_title, NOQUOTE, TRAIN))";
16860 +        run;
16861 +        title10;
16862 +    %end;
16863 +
16864 +    %if %sysfunc(exist(work.tempmeta)) %then %do;
16865 +        proc datasets lib=work nolist;
16866 +           delete tempmeta;
16867 +        run;
16868 +        quit;
16869 +    %end;
16870 +
16871 +%mend report;
16872 +
16873 +
16874 +
16875 +
16876 +
16877 +
16878 +
16879 +
16880 +
16881 +
16882 +
16883 +
16884 +
16885 +
16886 +
16887 +
16888 +
16889 +
16890 +
16891 +
16892 +
16893 +
16894 +
16895 +
16896 +
16897 +
16898 +
16899 +
16900 +
16901 +
16902 +
16903 +
16904 +
16905 +
16906 +
16907 +
16908 +
16909 +
16910 +
16911 +
16912 +
16913 +
16914 +
16915 +
16916 +
16917 +
16918 +
16919 +
NOTE: %INCLUDE (level 1) ending.
NOTE: Fileref TEMP has been deassigned.

NOTE: The data set WORK.EM_USER_REPORT has 132 observations and 4 variables.
NOTE: DATA statement used (Total process time):
      real time           0.01 seconds
      cpu time            0.00 seconds
      


NOTE: There were 132 observations read from the data set WORK.EM_USER_REPORT.
NOTE: The data set WORK.EM_USER_REPORT has 264 observations and 4 variables.
NOTE: DATA statement used (Total process time):
      real time           0.02 seconds
      cpu time            0.00 seconds
      


NOTE: There were 264 observations read from the data set WORK.EM_USER_REPORT.
NOTE: The data set WORK.EM_USER_REPORT has 396 observations and 4 variables.
NOTE: DATA statement used (Total process time):
      real time           0.02 seconds
      cpu time            0.00 seconds
      


NOTE: The file EMWS2.FIMPORT3_EMINFO (memtype=DATA) was not found, but appears on a DELETE statement.

NOTE: PROCEDURE DATASETS used (Total process time):
      real time           0.01 seconds
      cpu time            0.00 seconds
      


NOTE: There were 6 observations read from the data set EMWS2.FIMPORT3_EXPORTSET.
NOTE: The data set EMWS2.FIMPORT3_EXPORTSET has 6 observations and 18 variables.
NOTE: DATA statement used (Total process time):
      real time           0.00 seconds
      cpu time            0.00 seconds
      


NOTE: There were 6 observations read from the data set EMWS2.FIMPORT3_EXPORTSET.
NOTE: The data set EMWS2.FIMPORT3_EXPORTSET has 6 observations and 18 variables.
NOTE: DATA statement used (Total process time):
      real time           0.01 seconds
      cpu time            0.00 seconds
      


NOTE: There were 13 observations read from the data set EMWS2.FIMPORT3_VARIABLESET.
NOTE: The data set WORK.TEMPMETA has 4 observations and 4 variables.
NOTE: PROCEDURE FREQ used (Total process time):
      real time           0.03 seconds
      cpu time            0.00 seconds
      


NOTE: There were 4 observations read from the data set WORK.TEMPMETA.
NOTE: The PROCEDURE PRINT printed page 3.
NOTE: PROCEDURE PRINT used (Total process time):
      real time           0.01 seconds
      cpu time            0.00 seconds
      


NOTE: Deleting WORK.TEMPMETA (memtype=DATA).

NOTE: PROCEDURE DATASETS used (Total process time):
      real time           0.00 seconds
      cpu time            0.00 seconds
      

16920  *------------------------------------------------------------*;
16921  * End REPORT: FIMPORT3;
16922  *------------------------------------------------------------*;

16923  /* Reset EM Options */
16924  options formchar="|----|+|---+=|-/\<>*";
16925  options nocenter ls=256 ps=10000;
16926  goptions reset=all device=GIF NODISPLAY;

16927  proc sort data=WORK.EM_USER_REPORT;
16928  by ID VIEW;
16929  run;

NOTE: There were 396 observations read from the data set WORK.EM_USER_REPORT.
NOTE: The data set WORK.EM_USER_REPORT has 396 observations and 4 variables.
NOTE: PROCEDURE SORT used (Total process time):
      real time           0.00 seconds
      cpu time            0.00 seconds
      

