*------------------------------------------------------------*
* Score Log
Date:                January 07, 2024
Time:                01:15:54
*------------------------------------------------------------*
16247  %let EMEXCEPTIONSTRING=;
16248  *------------------------------------------------------------*;
16249  * SCORE: FIMPORT3;
16250  *------------------------------------------------------------*;
16251  %let EM_ACTION = SCORE;
16252  %let syscc = 0;
16253  /* Fimport.source */
16254  %macro main;
16255        %if %upcase(&EM_ACTION) = CREATE %then %do;
16256           filename temp catalog 'sashelp.emsamp.Fimport_create.source';
16257           %include temp;
16258           filename temp;
16259           %create;
16260        %end;
16261        %else
16262        %if %upcase(&EM_ACTION) = TRAIN %then %do;
16263           filename temp catalog 'sashelp.emsamp.Fimport_train.source';
16264           %include temp;
16265           filename temp;
16266           %train;
16267        %end;
16268        %else
16269        %if %upcase(&EM_ACTION) = UPDATE %then %do;
16270           filename temp catalog 'sashelp.emsamp.Fimport_update.source';
16271           %include temp;
16272           filename temp;
16273           %update;
16274        %end;
16275        %else
16276        %if %upcase(&EM_ACTION) = PROPERTY %then %do;
16277           filename temp catalog 'sashelp.emsamp.Fimport_actions.source';
16278           %include temp;
16279           filename temp;
16280           %property;
16281        %end;
16282         %else
16283        %if %upcase(&EM_ACTION) = SCORE %then %do;
16284           filename temp catalog 'sashelp.emsamp.Fimport_score.source';
16285           %include temp;
16286           filename temp;
16287           %score;
16288        %end;
16289        %else
16290        %if %upcase(&EM_ACTION) = REPORT %then %do;
16291           filename temp catalog 'sashelp.emsamp.Fimport_report.source';
16292           %include temp;
16293           filename temp;
16294           %report;
16295        %end;
16296        %else
16297        %if %upcase(&EM_ACTION) = OPENVARIABLESET %then %do;
16298           filename temp catalog 'sashelp.emsamp.Fimport_actions.source';
16299           %include temp;
16300           filename temp;
16301           %openvariableset;
16302        %end;
16303        %else
16304        %if %upcase(&EM_ACTION) = CLOSEVARIABLESET %then %do;
16305           filename temp catalog 'sashelp.emsamp.Fimport_actions.source';
16306           %include temp;
16307           filename temp;
16308           %closevariableset;
16309        %end;
16310  %mend main;
16311  %main;
NOTE: %INCLUDE (level 1) file TEMP is file SASHELP.EMSAMP.FIMPORT_SCORE.SOURCE.
16312 +%macro score;
16313 +
16314 +   filename x "&EM_NODEDIR.&EM_DSEP._updatePath.st";
16315 +   data _null_;
16316 +      file x;
16317 +      put ' ';
16318 +   run;
16319 +   filename x;
16320 +
16321 +   %em_getname(key=DATA, type=DATA);
16322 +   %if %sysfunc(exist(&em_user_data)) %then %do;
16323 +       data &em_export_train / view=&em_export_train;
16324 +          set &em_user_data;
16325 +       run;
16326 +   %end;
16327 +
16328 +%mend score;
NOTE: %INCLUDE (level 1) ending.
NOTE: Fileref TEMP has been deassigned.

NOTE: The file X is:
      Filename=C:\Users\Oscar\Documents\Document\File need to backup\UM\Y4S1\Data Mining and Warehousing\GroupAssignment\GroupAssignment_2023\Workspaces\EMWS2\FIMPORT3\_updatePath.st,
      RECFM=V,LRECL=32767,File Size (bytes)=0,
      Last Modified=07Jan2024:01:15:54,
      Create Time=07Jan2024:01:15:46

NOTE: 1 record was written to the file X.
      The minimum record length was 1.
      The maximum record length was 1.
NOTE: DATA statement used (Total process time):
      real time           0.00 seconds
      cpu time            0.00 seconds
      

NOTE: Fileref X has been deassigned.

NOTE: DATA STEP view saved on file EMWS2.FIMPORT3_TRAIN.
NOTE: A stored DATA STEP view cannot run under a different operating system.
NOTE: DATA statement used (Total process time):
      real time           0.09 seconds
      cpu time            0.00 seconds
      

16329  *------------------------------------------------------------*;
16330  * End SCORE: FIMPORT3;
16331  *------------------------------------------------------------*;

16333  *------------------------------------------------------------*;
16334  * FIMPORT3: Computing metadata for TRAIN data;
16335  *------------------------------------------------------------*;

NOTE: View EMWS2.FIMPORT3_TRAIN.VIEW used (Total process time):
      real time           0.06 seconds
      cpu time            0.01 seconds
      
NOTE: View EMWS2.FIMPORT3_TRAIN.VIEW used (Total process time):
      real time           0.02 seconds
      cpu time            0.00 seconds
      
