*------------------------------------------------------------*
* Score Log
Date:                January 06, 2024
Time:                00:23:17
*------------------------------------------------------------*
16413  %let EMEXCEPTIONSTRING=;
16414  *------------------------------------------------------------*;
16415  * SCORE: FIMPORT6;
16416  *------------------------------------------------------------*;
16417  %let EM_ACTION = SCORE;
16418  %let syscc = 0;
16419  /* Fimport.source */
16420  %macro main;
16421        %if %upcase(&EM_ACTION) = CREATE %then %do;
16422           filename temp catalog 'sashelp.emsamp.Fimport_create.source';
16423           %include temp;
16424           filename temp;
16425           %create;
16426        %end;
16427        %else
16428        %if %upcase(&EM_ACTION) = TRAIN %then %do;
16429           filename temp catalog 'sashelp.emsamp.Fimport_train.source';
16430           %include temp;
16431           filename temp;
16432           %train;
16433        %end;
16434        %else
16435        %if %upcase(&EM_ACTION) = UPDATE %then %do;
16436           filename temp catalog 'sashelp.emsamp.Fimport_update.source';
16437           %include temp;
16438           filename temp;
16439           %update;
16440        %end;
16441        %else
16442        %if %upcase(&EM_ACTION) = PROPERTY %then %do;
16443           filename temp catalog 'sashelp.emsamp.Fimport_actions.source';
16444           %include temp;
16445           filename temp;
16446           %property;
16447        %end;
16448         %else
16449        %if %upcase(&EM_ACTION) = SCORE %then %do;
16450           filename temp catalog 'sashelp.emsamp.Fimport_score.source';
16451           %include temp;
16452           filename temp;
16453           %score;
16454        %end;
16455        %else
16456        %if %upcase(&EM_ACTION) = REPORT %then %do;
16457           filename temp catalog 'sashelp.emsamp.Fimport_report.source';
16458           %include temp;
16459           filename temp;
16460           %report;
16461        %end;
16462        %else
16463        %if %upcase(&EM_ACTION) = OPENVARIABLESET %then %do;
16464           filename temp catalog 'sashelp.emsamp.Fimport_actions.source';
16465           %include temp;
16466           filename temp;
16467           %openvariableset;
16468        %end;
16469        %else
16470        %if %upcase(&EM_ACTION) = CLOSEVARIABLESET %then %do;
16471           filename temp catalog 'sashelp.emsamp.Fimport_actions.source';
16472           %include temp;
16473           filename temp;
16474           %closevariableset;
16475        %end;
16476  %mend main;
16477  %main;
NOTE: %INCLUDE (level 1) file TEMP is file SASHELP.EMSAMP.FIMPORT_SCORE.SOURCE.
16478 +%macro score;
16479 +
16480 +   filename x "&EM_NODEDIR.&EM_DSEP._updatePath.st";
16481 +   data _null_;
16482 +      file x;
16483 +      put ' ';
16484 +   run;
16485 +   filename x;
16486 +
16487 +   %em_getname(key=DATA, type=DATA);
16488 +   %if %sysfunc(exist(&em_user_data)) %then %do;
16489 +       data &em_export_train / view=&em_export_train;
16490 +          set &em_user_data;
16491 +       run;
16492 +   %end;
16493 +
16494 +%mend score;
NOTE: %INCLUDE (level 1) ending.
NOTE: Fileref TEMP has been deassigned.

NOTE: The file X is:
      Filename=C:\Users\Oscar\Documents\Document\File need to backup\UM\Y4S1\Data Mining and Warehousing\GroupAssignment\GroupAssignment_2023\Workspaces\EMWS2\FIMPORT6\_updatePath.st,
      RECFM=V,LRECL=32767,File Size (bytes)=0,
      Last Modified=06Jan2024:00:23:16,
      Create Time=06Jan2024:00:23:16

NOTE: 1 record was written to the file X.
      The minimum record length was 1.
      The maximum record length was 1.
NOTE: DATA statement used (Total process time):
      real time           0.00 seconds
      cpu time            0.00 seconds
      

NOTE: Fileref X has been deassigned.

NOTE: DATA STEP view saved on file EMWS2.FIMPORT6_TRAIN.
NOTE: A stored DATA STEP view cannot run under a different operating system.
NOTE: DATA statement used (Total process time):
      real time           0.00 seconds
      cpu time            0.01 seconds
      

16495  *------------------------------------------------------------*;
16496  * End SCORE: FIMPORT6;
16497  *------------------------------------------------------------*;

16499  *------------------------------------------------------------*;
16500  * FIMPORT6: Computing metadata for TRAIN data;
16501  *------------------------------------------------------------*;

NOTE: View EMWS2.FIMPORT6_TRAIN.VIEW used (Total process time):
      real time           0.03 seconds
      cpu time            0.01 seconds
      
NOTE: View EMWS2.FIMPORT6_TRAIN.VIEW used (Total process time):
      real time           0.01 seconds
      cpu time            0.00 seconds
      
