 
                                                                                                                                                                                                                                                                
 
 
Variable Summary

          Measurement    Frequency
 Role        Level         Count

INPUT      INTERVAL          11   
INPUT      NOMINAL            2   
TARGET     INTERVAL           1   
 
                                                                                                                                                                                                                                                                
 
 
Predicted and decision variables

Type         Variable           Label

TARGET       quality                        
PREDICTED    P_quality    Predicted: quality
RESIDUAL     R_quality    Residual: quality 
 
                                                                                                                                                                                                                                                                
 
 

The NEURAL Procedure

                        Optimization Start
                       Parameter Estimates
                                                         Gradient
                                                        Objective
  N Parameter                            Estimate        Function

  1 IMP_pH_H11                          -0.010424               0
  2 IMP_sulphates_H11                   -0.024251               0
  3 LG10_alcohol_H11                    -0.059056               0
  4 LG10_chlorides_H11                  -0.053906               0
  5 LG10_citric_acid_H11                 0.017834               0
  6 LG10_density_H11                     0.121114               0
  7 LG10_fixed_acidity_H11              -0.368942               0
  8 LG10_free_sulfur_dioxide_H11         0.192040               0
  9 LG10_total_sulfur_dioxide_H11        0.138780               0
 10 LG10_volatile_acidity_H11            0.042616               0
 11 TastingDate_H11                     -0.350126               0
 12 IMP_pH_H12                           0.108868               0
 13 IMP_sulphates_H12                   -0.156239               0
 14 LG10_alcohol_H12                     0.412102               0
 15 LG10_chlorides_H12                   0.007620               0
 16 LG10_citric_acid_H12                 0.233799               0
 17 LG10_density_H12                     0.146696               0
 18 LG10_fixed_acidity_H12               0.073733               0
 19 LG10_free_sulfur_dioxide_H12         0.206777               0
 20 LG10_total_sulfur_dioxide_H12        0.176590               0
 21 LG10_volatile_acidity_H12            0.043989               0
 22 TastingDate_H12                      0.150826               0
 23 IMP_pH_H13                          -0.250003               0
 24 IMP_sulphates_H13                    0.118977               0
 25 LG10_alcohol_H13                     0.357227               0
 26 LG10_chlorides_H13                   0.446846               0
 27 LG10_citric_acid_H13                -0.274263               0
 28 LG10_density_H13                    -0.377482               0
 29 LG10_fixed_acidity_H13              -0.334120               0
 30 LG10_free_sulfur_dioxide_H13        -0.269924               0
 31 LG10_total_sulfur_dioxide_H13        0.088856               0
 32 LG10_volatile_acidity_H13           -0.270591               0
 33 TastingDate_H13                      0.122722               0
 34 TasterNameAlice_H11                 -0.008423               0
 35 TasterNameBob_H11                   -0.110148               0
 36 TasterNameCharl_H11                 -0.187527               0
 37 TasterNameDavid_H11                 -0.191082               0
 38 TasterNameEva_H11                   -0.125321               0
 39 categoryred_H11                     -0.126697               0
 40 TasterNameAlice_H12                 -0.133266               0
 41 TasterNameBob_H12                   -0.251687               0
 42 TasterNameCharl_H12                  0.140114               0
 43 TasterNameDavid_H12                 -0.188403               0
 44 TasterNameEva_H12                    0.391858               0
 45 categoryred_H12                      0.097556               0
 46 TasterNameAlice_H13                 -0.347267               0
 47 TasterNameBob_H13                   -0.087262               0
 48 TasterNameCharl_H13                  0.496031               0
 49 TasterNameDavid_H13                  0.071734               0
 50 TasterNameEva_H13                   -0.365820               0
 51 categoryred_H13                     -0.409808               0
 52 BIAS_H11                             0.610336               0
 53 BIAS_H12                            -0.480237               0
 54 BIAS_H13                            -2.431705               0
 55 H11_quality                                 0       -0.027348
 56 H12_quality                                 0       -0.181872
 57 H13_quality                                 0       -0.056958
 58 BIAS_quality                         5.809854    -1.08339E-15

Value of Objective Function = 0.767924459

 
                                                                                                                                                                                                                                                                
 
 

The NEURAL Procedure

Levenberg-Marquardt Optimization


Minimum Iterations                                0
Maximum Iterations                               50
Maximum Function Calls                   2147483647
Maximum CPU Time                              14400
ABSGCONV Gradient Criterion                 0.00001
GCONV Gradient Criterion                       1E-8
GCONV2 Gradient Criterion                         0
ABSFCONV Function Criterion                       0
FCONV Function Criterion                     0.0001
FCONV2 Function Criterion                         0
FSIZE Parameter                                   0
ABSXCONV Parameter Change Criterion               0
XCONV Parameter Change Criterion                  0
XSIZE Parameter                                   0
ABSCONV Function Criterion             0.0007680723
Trust Region Initial Radius Factor                1
Singularity Tolerance (SINGULAR)               1E-8

Levenberg-Marquardt Optimization

Scaling Update of More (1978)

Parameter Estimates              58

                                             Optimization Start

Active Constraints                                  0  Objective Function                        0.767924459
Max Abs Gradient Element                 0.1818723614  Radius                                              1


                                                                                                         Ratio
                                                                                                       Between
                                                                                                        Actual
                                                                 Objective     Max Abs                     and
                     Function         Active        Objective     Function    Gradient               Predicted
Iter     Restarts       Calls    Constraints         Function       Change     Element     Lambda       Change

   1*           0           2              0          0.69768       0.0702      0.2399     0.0116        1.000
   2            0           3              0          0.57150       0.1262      0.1819    0.00184        0.799
   3            0           5              0          0.56576      0.00574      0.1415    0.00102        0.163
   4            0           6              0          0.53753       0.0282      0.0355    0.00406        0.799
   5            0           8              0          0.53516      0.00237      0.0217    0.00550        0.278
   6            0           9              0          0.53100      0.00416      0.0293    0.00592        0.405
   7            0          10              0          0.52889      0.00211      0.0244    0.00645        0.176
   8            0          11              0          0.52216      0.00673      0.0305    0.00476        0.606
   9            0          12              0          0.51796      0.00420      0.0219    0.00434        0.450
  10            0          13              0          0.51163      0.00632      0.0194    0.00381        0.659
  11            0          15              0          0.50798      0.00365      0.0158     0.0151        0.531
  12            0          16              0          0.50499      0.00299      0.0112    0.00729        0.709
  13            0          17              0          0.50307      0.00193      0.0123    0.00792        0.578
  14            0          18              0          0.50157      0.00150      0.0112    0.00249        0.580
  15            0          19              0          0.50085     0.000722      0.0106    0.00155        0.327
  16            0          20              0          0.50082     0.000033      0.0123    0.00161       0.0159
  17            0          21              0          0.49978      0.00104     0.00885     0.0129        0.489
  18            0          22              0          0.49934     0.000444     0.00543    0.00300        0.571
  19            0          23              0          0.49890     0.000433     0.00416    0.00116        0.743
  20            0          24              0          0.49849     0.000418     0.00574    0.00428        0.786
  21            0          25              0          0.49796     0.000530      0.0241          0        1.084
  22            0          27              0          0.49684      0.00112      0.0216    0.00117        1.227
  23            0          28              0          0.49664     0.000192      0.0984    0.00028        0.209
  24            0          30              0          0.49444      0.00220      0.0211    0.00210        1.099
  25            0          32              0          0.49397     0.000477     0.00654    0.00578        1.154
  26            0          33              0          0.49362     0.000346      0.0314    0.00176        0.813
  27            0          35              0          0.49327     0.000349     0.00270    0.00834        1.079
  28            0          36              0          0.49308     0.000188      0.0117    0.00360        0.963
  29            0          37              0          0.49304     0.000039      0.0465    0.00123        0.132
  30            0          38              0          0.49265     0.000397      0.0319    0.00086        0.853
  31            0          40              0          0.49251     0.000139    0.000799    0.00371        1.057
  32            0          41              0          0.49244     0.000070     0.00784    0.00154        0.970
  33            0          42              0          0.49238     0.000059      0.0285    0.00062        0.506
  34            0          43              0          0.49227     0.000112      0.0235    0.00045        0.797
  35            0          45              0          0.49221     0.000059     0.00196    0.00106        1.046
  36            0          46              0          0.49217     0.000038      0.0142    0.00044        0.772
  37            0          48              0          0.49213     0.000039     0.00569    0.00051        0.990
  38            0          49              0          0.49211     0.000019      0.0271    0.00022        0.361
  39            0          50              0          0.49206     0.000052      0.0224    0.00016        0.740
  40            0          51              0          0.49202     0.000035      0.0204    0.00013        0.709
  41            0          52              0          0.49200     0.000028      0.0189    0.00011        0.723
  42            0          53              0          0.49197     0.000023      0.0174    0.00009        0.728
  43            0          55              0          0.49196     0.000014     0.00116    0.00025        1.019
  44            0          56              0          0.49195     9.143E-6     0.00603    0.00012        0.893
  45            0          57              0          0.49195     5.556E-6      0.0238    0.00005        0.295
  46            0          58              0          0.49193     0.000018      0.0204    0.00004        0.675
  47            0          59              0          0.49191     0.000013      0.0191    0.00004        0.655
  48            0          60              0          0.49190     0.000011      0.0179    0.00003        0.667
  49            0          61              0          0.49189     9.161E-6      0.0168    0.00003        0.673

                                            Optimization Results

Iterations                                         49  Function Calls                                     63
Jacobian Calls                                     51  Active Constraints                                  0
Objective Function                       0.4918942528  Max Abs Gradient Element                 0.0168039513
Lambda                                   0.0000262474  Actual Over Pred Change                  0.6733117353
Radius                                   1.7026649932                                                       

Convergence criterion (FCONV=0.0001) satisfied.                                                   

NOTE: At least one element of the gradient is greater than 1e-3.

 
                                                                                                                                                                                                                                                                
 
 

The NEURAL Procedure

                       Optimization Results
                       Parameter Estimates
                                                         Gradient
                                                        Objective
  N Parameter                            Estimate        Function

  1 IMP_pH_H11                          -0.028548       -0.000262
  2 IMP_sulphates_H11                   -0.041528    -0.000098938
  3 LG10_alcohol_H11                     0.084818       -0.000658
  4 LG10_chlorides_H11                  -0.044769    -0.000046373
  5 LG10_citric_acid_H11                 0.170054     0.000033882
  6 LG10_density_H11                    -0.002255        0.000412
  7 LG10_fixed_acidity_H11              -0.375450        0.000229
  8 LG10_free_sulfur_dioxide_H11         0.560428       -0.000262
  9 LG10_total_sulfur_dioxide_H11        0.414287    -0.000016356
 10 LG10_volatile_acidity_H11           -0.111416       -0.000382
 11 TastingDate_H11                      0.058796    -0.000014940
 12 IMP_pH_H12                          -0.073755       -0.003655
 13 IMP_sulphates_H12                    0.039689       -0.001132
 14 LG10_alcohol_H12                     0.042880       -0.016804
 15 LG10_chlorides_H12                  -0.115777        0.001054
 16 LG10_citric_acid_H12                -0.117700        0.000721
 17 LG10_density_H12                     0.176328        0.012421
 18 LG10_fixed_acidity_H12               0.049764        0.003050
 19 LG10_free_sulfur_dioxide_H12        -0.111462        0.001543
 20 LG10_total_sulfur_dioxide_H12       -0.107444        0.002633
 21 LG10_volatile_acidity_H12           -0.419597       -0.005504
 22 TastingDate_H12                     -0.008094        0.000518
 23 IMP_pH_H13                           0.105405       -0.002181
 24 IMP_sulphates_H13                   -0.035158       -0.000594
 25 LG10_alcohol_H13                     0.021429       -0.011398
 26 LG10_chlorides_H13                   0.154707        0.001099
 27 LG10_citric_acid_H13                 0.159033        0.000414
 28 LG10_density_H13                    -0.247335        0.008323
 29 LG10_fixed_acidity_H13              -0.048156        0.002155
 30 LG10_free_sulfur_dioxide_H13         0.150716        0.000941
 31 LG10_total_sulfur_dioxide_H13        0.107554        0.001687
 32 LG10_volatile_acidity_H13            0.547116       -0.003075
 33 TastingDate_H13                      0.005539        0.000302
 34 TasterNameAlice_H11                  0.269876     0.000009129
 35 TasterNameBob_H11                   -0.101698     0.000020781
 36 TasterNameCharl_H11                  0.115088    -0.000006918
 37 TasterNameDavid_H11                 -0.291013     0.000043242
 38 TasterNameEva_H11                   -0.061602     0.000044358
 39 categoryred_H11                      1.542015       -0.000367
 40 TasterNameAlice_H12                  0.015294        0.000905
 41 TasterNameBob_H12                    0.010714        0.000231
 42 TasterNameCharl_H12                 -0.073835        0.000174
 43 TasterNameDavid_H12                  0.072834        0.000351
 44 TasterNameEva_H12                    0.040856        0.000774
 45 categoryred_H12                     -0.050305       -0.004835
 46 TasterNameAlice_H13                 -0.041595        0.000551
 47 TasterNameBob_H13                   -0.001653        0.000102
 48 TasterNameCharl_H13                  0.096637        0.000139
 49 TasterNameDavid_H13                 -0.085882        0.000172
 50 TasterNameEva_H13                   -0.060711        0.000492
 51 categoryred_H13                      0.004171       -0.002542
 52 BIAS_H11                             2.277589        0.000557
 53 BIAS_H12                             0.303861        0.009953
 54 BIAS_H13                            -0.417894        0.005971
 55 H11_quality                          1.013372        0.001484
 56 H12_quality                          7.441858        0.001181
 57 H13_quality                          5.782475       -0.001641
 58 BIAS_quality                         4.836728        0.001879

Value of Objective Function = 0.4918942528

