*------------------------------------------------------------*
* Training Log
Date:                January 06, 2024
Time:                00:58:35
*------------------------------------------------------------*
10868  proc freq data=EMWS2.Stat5_VariableSet noprint;
10869  table ROLE*LEVEL/out=WORK.Stat5META;
10870  run;

NOTE: There were 16 observations read from the data set EMWS2.STAT5_VARIABLESET.
NOTE: The data set WORK.STAT5META has 5 observations and 4 variables.
NOTE: PROCEDURE FREQ used (Total process time):
      real time           0.04 seconds
      cpu time            0.00 seconds
      

10871  proc print data=WORK.Stat5META label noobs;
10872  var ROLE LEVEL COUNT;
10873  label ROLE = "%sysfunc(sasmsg(sashelp.dmine, meta_role_vlabel, NOQUOTE))" LEVEL = "%sysfunc(sasmsg(sashelp.dmine, meta_level_vlabel, NOQUOTE))" COUNT = "%sysfunc(sasmsg(sashelp.dmine, rpt_count_vlabel, NOQUOTE))";
10874  title9 ' ';
10875  title10 "%sysfunc(sasmsg(sashelp.dmine, rpt_varSummary_title  , NOQUOTE))";
10876  run;

NOTE: There were 5 observations read from the data set WORK.STAT5META.
NOTE: The PROCEDURE PRINT printed page 1.
NOTE: PROCEDURE PRINT used (Total process time):
      real time           0.00 seconds
      cpu time            0.00 seconds
      

10877  title10;

10878  data WORK.M1EOETVR;
10879  set WORK.M1EOETVR;
10880  where((role in('TARGET' 'FREQ' 'INPUT') and use in('D','Y')) or (role = 'REJECTED' and use = 'Y'));
10881  if ROLE = 'REJECTED' then role = 'INPUT';
10882  run;

NOTE: There were 14 observations read from the data set WORK.M1EOETVR.
      WHERE (role in ('FREQ', 'INPUT', 'TARGET') and use in ('D', 'Y')) or ((role='REJECTED') and (use='Y'));
NOTE: The data set WORK.M1EOETVR has 14 observations and 21 variables.
NOTE: DATA statement used (Total process time):
      real time           0.01 seconds
      cpu time            0.00 seconds
      

10883  *------------------------------------------------------------*;
10884  * Stat5: Determining Analysis Variables;
10885  *------------------------------------------------------------*;
10886  *------------------------------------------------------------*;
10887  * Stat5: Creating Macros for Variable Selection;
10888  *------------------------------------------------------------*;
10889  *------------------------------------------------------------* ;
10890  * Stat5: Interval Input Variables Macro ;
10891  *------------------------------------------------------------* ;
10892  %macro INTINPUTS;
10893      TastingDate alcohol chlorides citric_acid density fixed_acidity
10894     free_sulfur_dioxide pH sulphates total_sulfur_dioxide volatile_acidity
10895  %mend INTINPUTS;
10896  *------------------------------------------------------------*;
10897  * Stat5: Creating Macros for Variable Selection;
10898  *------------------------------------------------------------*;
10899  *------------------------------------------------------------* ;
10900  * Stat5: Binary and Nominal Input Variables Macro ;
10901  *------------------------------------------------------------* ;
10902  %macro NOMINPUTS;
10903      TasterName category
10904  %mend NOMINPUTS;
10905  *------------------------------------------------------------*;
10906  * Stat5: Creating Macros for Variable Selection;
10907  *------------------------------------------------------------*;
10908  *------------------------------------------------------------* ;
10909  * Stat5: Ordinal Input Variables Macro ;
10910  *------------------------------------------------------------* ;
10911  %macro ORDINPUTS;
10912  
10913  %mend ORDINPUTS;
10914  data work.EM_Stat5_tree / view=work.EM_Stat5_tree;
10915  set EMWS2.Part_TRAIN(obs=100000 keep=%INTINPUTS %ORDINPUTS %NOMINPUTS quality);
10916  run;

NOTE: DATA STEP view saved on file WORK.EM_STAT5_TREE.
NOTE: A stored DATA STEP view cannot run under a different operating system.
NOTE: DATA statement used (Total process time):
      real time           0.00 seconds
      cpu time            0.00 seconds
      

10917  proc arbor data=EMWS2.Part_TRAIN(obs=100000 keep=%INTINPUTS %ORDINPUTS %NOMINPUTS quality) Criterion=VARIANCE Leafsize=5 Mincatsize = 5 Maxbranch=5 Maxdepth=1 Padjust= NONE NORULELIMIT MAXRULES=13 MAXSURRS=0 Missing=USEINSEARCH Exhaustive=5000;
WARNING: PADJUST and PVAR options are ignored with this splitting criterion.
10918  input %INTINPUTS / level = interval;
10919  input %NOMINPUTS / level=nominal;
10920  target quality / level=INTERVAL;
10921  Performance Disk NodeSize=10000;
10922  Assess NoValidata measure=ASE;
NOTE: 1658623 kilobytes of physical memory.
NOTE: Will use 5198 out of 5198 training cases.
NOTE: Using memory pool with 102270976 bytes.
NOTE: Passed training data 2 times.
NOTE: Training used 1841960 bytes of work memory.
NOTE: The subtree sequence contains 2 subtrees. The largest has 6 nodes and 5 leaves.
NOTE: Using subtree with 6 nodes and 5 leaves.
10923  SUBTREE BEST;
NOTE: Using subtree with 6 nodes and 5 leaves.
10924  save RULES=WORK.Stat5_RULE;
NOTE: The data set WORK.STAT5_RULE has 110 observations and 6 variables.
10925  run;

10926  quit;

NOTE: There were 5198 observations read from the data set EMWS2.PART_TRAIN.
NOTE: PROCEDURE ARBOR used (Total process time):
      real time           0.01 seconds
      cpu time            0.01 seconds
      

10927  data WORK.Stat5_RULE(keep=Target Name Rank Numeric_Value StatVar rename=(numeric_value=Worth));
10928  label Target = "%sysfunc(sasmsg(sashelp.dmine, rpt_target_vlabel,      NOQUOTE))" Name = "%sysfunc(sasmsg(sashelp.dmine, rpt_variable_vlabel,    NOQUOTE))" Rank = "%sysfunc(sasmsg(sashelp.dmine, rpt_importance_vlabel,  NOQUOTE))" Numeric_Value =
10929     "%sysfunc(sasmsg(sashelp.dmine, rpt_worth_vlabel,       NOQUOTE))" StatVar = "%sysfunc(sasmsg(sashelp.dmine, rpt_analysisVar_vlabel, NOQUOTE))";
10930  length Target $32 Name $32;
10931  retain TARGET "quality" Name;
10932  format STATVAR 6.0;
10933  set WORK.Stat5_RULE;
10934  where stat in('VARIABLE','WORTH');
10935  if stat = 'VARIABLE' then Name = character_value;
10936  else do;
10937  if _N_<= 2*1000 then STATVAR=1;
10938  else STATVAR=0;
10939  output;
10940  end;
10941  run;

NOTE: There were 26 observations read from the data set WORK.STAT5_RULE.
      WHERE stat in ('VARIABLE', 'WORTH');
NOTE: The data set WORK.STAT5_RULE has 13 observations and 5 variables.
NOTE: DATA statement used (Total process time):
      real time           0.01 seconds
      cpu time            0.00 seconds
      

10942  proc append base=EMWS2.Stat5_WORTH data=WORK.Stat5_RULE force;
10943  run;

NOTE: Appending WORK.STAT5_RULE to EMWS2.STAT5_WORTH.
NOTE: BASE data set does not exist. DATA file is being copied to BASE file.
NOTE: There were 13 observations read from the data set WORK.STAT5_RULE.
NOTE: The data set EMWS2.STAT5_WORTH has 13 observations and 5 variables.
NOTE: PROCEDURE APPEND used (Total process time):
      real time           0.01 seconds
      cpu time            0.00 seconds
      

10944  *------------------------------------------------------------*;
10945  * Stat5: Counting Levels;
10946  *------------------------------------------------------------*;
10947  proc sql;
10948  create view WORK.Stat5_distinct as select distinct _dataobs_ from EMWS2.Part_TRAIN(obs=100000);
NOTE: SQL view WORK.STAT5_DISTINCT has been defined.
10949  quit;
NOTE: PROCEDURE SQL used (Total process time):
      real time           0.00 seconds
      cpu time            0.00 seconds
      

10950  proc sql;
10951  reset noprint;
10952  select count(*) into :_tmpcount from WORK.Stat5_distinct;
10953  quit;
NOTE: PROCEDURE SQL used (Total process time):
      real time           0.00 seconds
      cpu time            0.00 seconds
      

10954  proc sort data=WORK.Stat5_count NOTHREADS;
10955  by NAME ROLE DATA;
10956  run;

NOTE: There were 1 observations read from the data set WORK.STAT5_COUNT.
NOTE: The data set WORK.STAT5_COUNT has 1 observations and 4 variables.
NOTE: PROCEDURE SORT used (Total process time):
      real time           0.01 seconds
      cpu time            0.00 seconds
      

10957  proc print data=WORK.Stat5_count(obs=500) label noobs;
10958  label NAME = "%sysfunc(sasmsg(sashelp.dmine, rpt_variable_vlabel,    NOQUOTE))" COUNT = "%sysfunc(sasmsg(sashelp.dmine, rpt_count_vlabel,       NOQUOTE))" ROLE = "%sysfunc(sasmsg(sashelp.dmine, meta_role_vlabel,       NOQUOTE))";
10959  var NAME ROLE COUNT;
10960  title9 "%sysfunc(sasmsg(sashelp.dmine, rpt_varLevels_title, NOQUOTE))";
10961  title10 "%sysfunc(sasmsg(sashelp.dmine, rpt_maxObsPrinted_title, NOQUOTE))";
10962  run;

NOTE: There were 1 observations read from the data set WORK.STAT5_COUNT.
NOTE: The PROCEDURE PRINT printed page 2.
NOTE: PROCEDURE PRINT used (Total process time):
      real time           0.01 seconds
      cpu time            0.00 seconds
      

10963  title9;
10964  title10;

10965  proc sort data=EMWS2.Stat5_WORTH nodupkey out=WORK.Stat5_SELVAR(keep=Name StatVar);
10966  by NAME;
10967  where statvar=1;
10968  run;

NOTE: There were 13 observations read from the data set EMWS2.STAT5_WORTH.
      WHERE statvar=1;
NOTE: 0 observations with duplicate key values were deleted.
NOTE: The data set WORK.STAT5_SELVAR has 13 observations and 2 variables.
NOTE: PROCEDURE SORT used (Total process time):
      real time           0.00 seconds
      cpu time            0.00 seconds
      

10969  proc sort data=EMWS2.Stat5_WORTH;
10970  by Rank;
10971  where statvar=1;
10972  run;

NOTE: There were 13 observations read from the data set EMWS2.STAT5_WORTH.
      WHERE statvar=1;
NOTE: The data set EMWS2.STAT5_WORTH has 13 observations and 5 variables.
NOTE: PROCEDURE SORT used (Total process time):
      real time           0.00 seconds
      cpu time            0.00 seconds
      

10973  proc sort data=WORK.M34UER5W;
10974  by name;
10975  run;

NOTE: There were 16 observations read from the data set WORK.M34UER5W.
NOTE: The data set WORK.M34UER5W has 16 observations and 21 variables.
NOTE: PROCEDURE SORT used (Total process time):
      real time           0.00 seconds
      cpu time            0.00 seconds
      

10976  data WORK.Stat5_analysisMeta;
10977  merge WORK.M34UER5W WORK.Stat5_SELVAR(in=_a);
10978  by name;
10979  if _a then STATVAR = 1;
10980  else if ROLE in('INPUT', 'REJECTED') and REPORT ne 'Y' then delete;
10981  if REPORT eq 'Y' then STATVAR = 1;
10982  run;

NOTE: There were 16 observations read from the data set WORK.M34UER5W.
NOTE: There were 13 observations read from the data set WORK.STAT5_SELVAR.
NOTE: The data set WORK.STAT5_ANALYSISMETA has 16 observations and 22 variables.
NOTE: DATA statement used (Total process time):
      real time           0.00 seconds
      cpu time            0.00 seconds
      

10983  data WORK.M1TFOCPG;
10984  set WORK.M1TFOCPG;
10985  where(use = 'Y' or Report='Y' or (role in('TARGET' 'FREQ' 'PREDICT' 'RESIDUAL' 'INPUT') and use = 'D'));
10986  if ROLE = 'SEGMENT' then delete;
10987  else if ROLE ^in('FREQ','TARGET') then role = 'INPUT';
10988  run;

NOTE: There were 15 observations read from the data set WORK.M1TFOCPG.
      WHERE (use='Y') or (Report='Y') or (role in ('FREQ', 'INPUT', 'PREDICT', 'RESIDUAL', 'TARGET') and (use='D'));
NOTE: The data set WORK.M1TFOCPG has 15 observations and 22 variables.
NOTE: DATA statement used (Total process time):
      real time           0.01 seconds
      cpu time            0.00 seconds
      

10989  data WORK.M1JKHCKF;
10990  set WORK.M1JKHCKF;
10991  where(use = 'Y' or Report='Y' or (role in('SEGMENT', 'TARGET' 'FREQ' 'PREDICT' 'RESIDUAL' 'INPUT') and use = 'D'));
10992  if ROLE ne 'FREQ' then role = 'INPUT';
10993  run;

NOTE: There were 15 observations read from the data set WORK.M1JKHCKF.
      WHERE (use='Y') or (Report='Y') or (role in ('FREQ', 'INPUT', 'PREDICT', 'RESIDUAL', 'SEGMENT', 'TARGET') and (use='D'));
NOTE: The data set WORK.M1JKHCKF has 15 observations and 22 variables.
NOTE: DATA statement used (Total process time):
      real time           0.00 seconds
      cpu time            0.00 seconds
      

10994  *------------------------------------------------------------*;
10995  * Stat5: Computing Statistics for Interval Variables;
10996  *------------------------------------------------------------*;
10997  proc dmdb data=EMWS2.Part_TRAIN(obs=100000) nonorm maxlevel=513
10998  varout=work._DMDBVAR(RENAME=(NAME=VARIABLE))
10999  classout=WORK.Stat5CLASS(drop=NMISSPERCENT rename=(NAME=VARIABLE FREQUENCY=COUNT FREQPERCENT=PERCENT))
11000  ;
11001  var
11002  TastingDate alcohol chlorides citric_acid density fixed_acidity
11003  free_sulfur_dioxide pH quality residual_sugar sulphates total_sulfur_dioxide
11004  volatile_acidity
11005  ;
11006  class
11007  TasterName category
11008  ;
11009  ;
11010  run;

NOTE: Records processed = 5198   Memory used = 511K.
NOTE: There were 5198 observations read from the data set EMWS2.PART_TRAIN.
NOTE: The data set WORK._DMDBVAR has 13 observations and 9 variables.
NOTE: The data set WORK.STAT5CLASS has 9 observations and 8 variables.
NOTE: PROCEDURE DMDB used (Total process time):
      real time           0.00 seconds
      cpu time            0.00 seconds
      

11011  proc stdize data = EMWS2.Part_TRAIN(obs=100000) out=_null_ outstat=work._STDIZE add=0 fuzz=1E-14 initial=MAD vardef=df method=STD mult=1 pctlmtd=ORD_STAT pctldef=2 pctlpts=(0 5 50 95 100);
11012  var
11013  TastingDate alcohol chlorides citric_acid density fixed_acidity
11014  free_sulfur_dioxide pH quality residual_sugar sulphates total_sulfur_dioxide
11015  volatile_acidity
11016  ;
11017  run;

NOTE: INITIAL= will be ignored.
NOTE: There were 5198 observations read from the data set EMWS2.PART_TRAIN.
NOTE: The data set WORK._STDIZE has 13 observations and 14 variables.
NOTE: PROCEDURE STDIZE used (Total process time):
      real time           0.00 seconds
      cpu time            0.00 seconds
      

11018  proc transpose data=work._STDIZE out=work._TRANSSTDIZE(drop=_LABEL_ rename=(_NAME_=VARIABLE));
11019  id _type_;
11020  where _TYPE_='P50';
11021  run;

NOTE: There were 1 observations read from the data set WORK._STDIZE.
      WHERE _TYPE_='P50';
NOTE: The data set WORK._TRANSSTDIZE has 13 observations and 2 variables.
NOTE: PROCEDURE TRANSPOSE used (Total process time):
      real time           0.01 seconds
      cpu time            0.00 seconds
      

11022  proc sort data=work._TRANSSTDIZE;
11023  by VARIABLE;
11024  run;

NOTE: There were 13 observations read from the data set WORK._TRANSSTDIZE.
NOTE: The data set WORK._TRANSSTDIZE has 13 observations and 2 variables.
NOTE: PROCEDURE SORT used (Total process time):
      real time           0.00 seconds
      cpu time            0.00 seconds
      

11025  proc sort data=work._DMDBVAR;
11026  by VARIABLE;
11027  run;

NOTE: There were 13 observations read from the data set WORK._DMDBVAR.
NOTE: The data set WORK._DMDBVAR has 13 observations and 9 variables.
NOTE: PROCEDURE SORT used (Total process time):
      real time           0.00 seconds
      cpu time            0.00 seconds
      

11028  data WORK.Stat5INTERVAL;
11029  merge work._TRANSSTDIZE work._DMDBVAR;
11030  format N NMISS 8. MIN MAX P50 MEAN STD SKEWNESS KURTOSIS BEST8.3;
11031  by VARIABLE;
11032  run;

WARNING: Multiple lengths were specified for the BY variable VARIABLE by input data sets. This might cause unexpected results.
NOTE: There were 13 observations read from the data set WORK._TRANSSTDIZE.
NOTE: There were 13 observations read from the data set WORK._DMDBVAR.
NOTE: The data set WORK.STAT5INTERVAL has 13 observations and 10 variables.
NOTE: DATA statement used (Total process time):
      real time           0.00 seconds
      cpu time            0.00 seconds
      

11033  proc sort data=WORK.Stat5CLASS;
11034  by Variable Level;
11035  run;

NOTE: There were 9 observations read from the data set WORK.STAT5CLASS.
NOTE: The data set WORK.STAT5CLASS has 9 observations and 8 variables.
NOTE: PROCEDURE SORT used (Total process time):
      real time           0.00 seconds
      cpu time            0.00 seconds
      

NOTE: There were 13 observations read from the data set WORK._STDIZE.
NOTE: The data set EMWS2.STAT5_TRAINPCTLS has 13 observations and 14 variables.
11036  data colorindex;
11037  retain LevelIndex 0;
11038  set WORK.Stat5CLASS(keep=Variable Level);
11039  by variable level;
11040  if first.variable then LevelIndex = 0;
11041  if first.level then LevelIndex + 1;
11042  run;

NOTE: There were 9 observations read from the data set WORK.STAT5CLASS.
NOTE: The data set WORK.COLORINDEX has 9 observations and 3 variables.
NOTE: DATA statement used (Total process time):
      real time           0.00 seconds
      cpu time            0.00 seconds
      

11043  data WORK.Stat5CLASS;
11044  merge WORK.Stat5CLASS(in=_a) colorindex;
11045  by variable level;
11046  if _a then output;
11047  run;

NOTE: There were 9 observations read from the data set WORK.STAT5CLASS.
NOTE: There were 9 observations read from the data set WORK.COLORINDEX.
NOTE: The data set WORK.STAT5CLASS has 9 observations and 9 variables.
NOTE: DATA statement used (Total process time):
      real time           0.01 seconds
      cpu time            0.00 seconds
      

11048  data WORK.Stat5INTERVAL;
11049  length DATAROLE $20;
11050  retain DATAROLE "TRAIN";
11051  set WORK.Stat5INTERVAL;
11052  run;

NOTE: There were 13 observations read from the data set WORK.STAT5INTERVAL.
NOTE: The data set WORK.STAT5INTERVAL has 13 observations and 11 variables.
NOTE: DATA statement used (Total process time):
      real time           0.00 seconds
      cpu time            0.00 seconds
      

11053  proc append base=EMWS2.Stat5_INTERVAL data=WORK.Stat5INTERVAL force;
11054  run;

NOTE: Appending WORK.STAT5INTERVAL to EMWS2.STAT5_INTERVAL.
NOTE: BASE data set does not exist. DATA file is being copied to BASE file.
NOTE: There were 13 observations read from the data set WORK.STAT5INTERVAL.
NOTE: The data set EMWS2.STAT5_INTERVAL has 13 observations and 11 variables.
NOTE: PROCEDURE APPEND used (Total process time):
      real time           0.00 seconds
      cpu time            0.00 seconds
      

11055  data WORK.Stat5CLASS;
11056  length DATAROLE $20;
11057  retain DATAROLE "TRAIN";
11058  set WORK.Stat5CLASS;
11059  run;

NOTE: There were 9 observations read from the data set WORK.STAT5CLASS.
NOTE: The data set WORK.STAT5CLASS has 9 observations and 10 variables.
NOTE: DATA statement used (Total process time):
      real time           0.00 seconds
      cpu time            0.01 seconds
      

11060  proc append base=EMWS2.Stat5_CLASS data=WORK.Stat5CLASS force;
11061  run;

NOTE: Appending WORK.STAT5CLASS to EMWS2.STAT5_CLASS.
NOTE: BASE data set does not exist. DATA file is being copied to BASE file.
NOTE: There were 9 observations read from the data set WORK.STAT5CLASS.
NOTE: The data set EMWS2.STAT5_CLASS has 9 observations and 10 variables.
NOTE: PROCEDURE APPEND used (Total process time):
      real time           0.00 seconds
      cpu time            0.00 seconds
      

11062  proc sort data=EMWS2.Stat5_VariableSet out=tempVariable(keep=name label role rename=(name=variable));
11063  by name;
11064  run;

NOTE: There were 16 observations read from the data set EMWS2.STAT5_VARIABLESET.
NOTE: The data set WORK.TEMPVARIABLE has 16 observations and 3 variables.
NOTE: PROCEDURE SORT used (Total process time):
      real time           0.00 seconds
      cpu time            0.00 seconds
      

11065  proc sort data=EMWS2.Stat5_CLASS;
11066  by Variable;
11067  run;

NOTE: There were 9 observations read from the data set EMWS2.STAT5_CLASS.
NOTE: The data set EMWS2.STAT5_CLASS has 9 observations and 10 variables.
NOTE: PROCEDURE SORT used (Total process time):
      real time           0.00 seconds
      cpu time            0.00 seconds
      

11068  data EMWS2.Stat5_CLASS;
11069  merge EMWS2.Stat5_CLASS(in=_a) tempVariable;
11070  by variable;
11071  if label = '' then label=Variable;
11072  if _a then output;
11073  run;

WARNING: Multiple lengths were specified for the BY variable VARIABLE by input data sets. This might cause unexpected results.
NOTE: There were 9 observations read from the data set EMWS2.STAT5_CLASS.
NOTE: There were 16 observations read from the data set WORK.TEMPVARIABLE.
NOTE: The data set EMWS2.STAT5_CLASS has 9 observations and 12 variables.
NOTE: DATA statement used (Total process time):
      real time           0.00 seconds
      cpu time            0.00 seconds
      

11074  run;
11075  proc sort data=EMWS2.Stat5_VariableSet out=tempVariable(keep=name label role rename=(name=variable));
11076  by name;
11077  run;

NOTE: There were 16 observations read from the data set EMWS2.STAT5_VARIABLESET.
NOTE: The data set WORK.TEMPVARIABLE has 16 observations and 3 variables.
NOTE: PROCEDURE SORT used (Total process time):
      real time           0.00 seconds
      cpu time            0.00 seconds
      

11078  proc sort data=EMWS2.Stat5_INTERVAL;
11079  by Variable;
11080  run;

NOTE: There were 13 observations read from the data set EMWS2.STAT5_INTERVAL.
NOTE: The data set EMWS2.STAT5_INTERVAL has 13 observations and 11 variables.
NOTE: PROCEDURE SORT used (Total process time):
      real time           0.00 seconds
      cpu time            0.00 seconds
      

11081  data EMWS2.Stat5_INTERVAL;
11082  merge EMWS2.Stat5_INTERVAL(in=_a) tempVariable;
11083  by variable;
11084  if label = '' then label=Variable;
11085  if _a then output;
11086  run;

WARNING: Multiple lengths were specified for the BY variable VARIABLE by input data sets. This might cause unexpected results.
NOTE: There were 13 observations read from the data set EMWS2.STAT5_INTERVAL.
NOTE: There were 16 observations read from the data set WORK.TEMPVARIABLE.
NOTE: The data set EMWS2.STAT5_INTERVAL has 13 observations and 13 variables.
NOTE: DATA statement used (Total process time):
      real time           0.00 seconds
      cpu time            0.00 seconds
      

11087  proc datasets library=EMWS2 nolist;
11088  modify Stat5_INTERVAL;
11089  label DATAROLE = "%sysfunc(sasmsg(sashelp.dmine, rpt_datarole_vlabel, NOQUOTE))";
11090  label Variable = "%sysfunc(sasmsg(sashelp.dmine, rpt_variable_vlabel, NOQUOTE))";
11091  label MEAN = "%sysfunc(sasmsg(sashelp.dmine, rpt_mean_vlabel,    NOQUOTE))";
11092  label N = "%sysfunc(sasmsg(sashelp.dmine, rpt_nonMiss_vlabel, NOQUOTE))";
11093  label STD = "%sysfunc(sasmsg(sashelp.dmine, rpt_std_vlabel,     NOQUOTE))";
11094  label NMISS = "%sysfunc(sasmsg(sashelp.dmine, rpt_missing_vlabel, NOQUOTE))";
11095  label p50 = "%sysfunc(sasmsg(sashelp.dmine, rpt_median_vlabel, NOQUOTE))";
11096  label MIN = "%sysfunc(sasmsg(sashelp.dmine, rpt_minimum_vlabel, NOQUOTE))";
11097  label MAX = "%sysfunc(sasmsg(sashelp.dmine, rpt_maximum_vlabel, NOQUOTE))";
11098  label SKEWNESS = "%sysfunc(sasmsg(sashelp.dmine, rpt_skewness_vlabel, NOQUOTE))";
11099  label KURTOSIS = "%sysfunc(sasmsg(sashelp.dmine, rpt_kurtosis_vlabel, NOQUOTE))";
11100  run;

NOTE: MODIFY was successful for EMWS2.STAT5_INTERVAL.DATA.

NOTE: PROCEDURE DATASETS used (Total process time):
      real time           0.02 seconds
      cpu time            0.01 seconds
      

11101  proc sort data=EMWS2.Stat5_CLASS NOTHREADS;
11102  by DATAROLE ROLE Variable descending COUNT;
11103  run;

NOTE: There were 9 observations read from the data set EMWS2.STAT5_CLASS.
NOTE: The data set EMWS2.STAT5_CLASS has 9 observations and 12 variables.
NOTE: PROCEDURE SORT used (Total process time):
      real time           0.00 seconds
      cpu time            0.00 seconds
      

11104  data WORK.Stat5CLASS(keep=DATAROLE Variable ROLE Numcat Nmiss Mode ModePct Mode2 Mode2Pct);
11105  set EMWS2.Stat5_CLASS;
11106  length Mode Mode2 $32;
11107  retain NMiss 0 ModePct 0 Mode2Pct 0 Mode '' Mode2 '';
11108  by DATAROLE ROLE Variable;
11109  if first.DATAROLE or first.variable then do;
11110  Numcat = 1;
11111  NMiss = 0;
11112  Mode = strip(LEVEL);
11113  ModePct = PERCENT;
11114  Mode2 = '';
11115  Mode2Pct = 0;
11116  end;
11117  else Numcat +1;
11118  if Numcat =2 then do;
11119  Mode2 = strip(LEVEL);
11120  Mode2Pct = PERCENT;
11121  end;
11122  if NRAW=. and CRAW='' then NMiss= COUNT;
11123  if last.DATAROLE or last.variable then output;
11124  run;

NOTE: There were 9 observations read from the data set EMWS2.STAT5_CLASS.
NOTE: The data set WORK.STAT5CLASS has 2 observations and 9 variables.
NOTE: DATA statement used (Total process time):
      real time           0.01 seconds
      cpu time            0.00 seconds
      

11125  %let _cn = %sysfunc(getoption(CENTER));
11126  %let _nb = %sysfunc(getoption(NUMBER));
11127  options nonumber nocenter;
11128  title;
11129  title9 ' ';
11130  proc print data=WORK.Stat5CLASS(obs=500) label noobs;
11131  var DATAROLE VARIABLE ROLE NUMCAT NMISS Mode ModePct Mode2 Mode2Pct;
11132  label DATAROLE = "%sysfunc(sasmsg(sashelp.dmine, rpt_datarole_vlabel, NOQUOTE))" ROLE = "%sysfunc(sasmsg(sashelp.dmine, meta_role_vlabel, NOQUOTE))" NUMCAT = "%sysfunc(sasmsg(sashelp.dmine, rpt_numcat_vlabel,   NOQUOTE))" NMISS =
11133     "%sysfunc(sasmsg(sashelp.dmine, rpt_missing_vlabel,  NOQUOTE))" MODE = "%sysfunc(sasmsg(sashelp.dmine, rpt_mode_vlabel,     NOQUOTE))" MODEPCT = "%sysfunc(sasmsg(sashelp.dmine, rpt_modepct_vlabel,  NOQUOTE))" MODE2 =
11134     "%sysfunc(sasmsg(sashelp.dmine, rpt_mode2_vlabel,     NOQUOTE))" MODE2PCT = "%sysfunc(sasmsg(sashelp.dmine, rpt_mode2pct_vlabel, NOQUOTE))";
11135  format ModePct Mode2Pct 5.2;
11136  by DATAROLE;
11137  title9 "%sysfunc(sasmsg(sashelp.dmine, rpt_classStats_title,     NOQUOTE))";
11138  title10 "%sysfunc(sasmsg(sashelp.dmine, rpt_maxObsPrinted_title,  NOQUOTE))";
11139  run;

NOTE: There were 2 observations read from the data set WORK.STAT5CLASS.
NOTE: The PROCEDURE PRINT printed page 3.
NOTE: PROCEDURE PRINT used (Total process time):
      real time           0.01 seconds
      cpu time            0.00 seconds
      

11140  title9;
11141  title10;
11142  options &_cn &_nb;

11143  data WORK.Stat5INTERVALSUMMARY;
11144  set EMWS2.Stat5_INTERVAL;
11145  length ROLE $32;
11146  if Variable = "TastingDate" then ROLE="INPUT";
11147  else
11148  if Variable = "_dataobs_" then ROLE="ID";
11149  else
11150  if Variable = "alcohol" then ROLE="INPUT";
11151  else
11152  if Variable = "chlorides" then ROLE="INPUT";
11153  else
11154  if Variable = "citric_acid" then ROLE="INPUT";
11155  else
11156  if Variable = "density" then ROLE="INPUT";
11157  else
11158  if Variable = "fixed_acidity" then ROLE="INPUT";
11159  else
11160  if Variable = "free_sulfur_dioxide" then ROLE="INPUT";
11161  else
11162  if Variable = "pH" then ROLE="INPUT";
11163  else
11164  if Variable = "quality" then ROLE="TARGET";
11165  else
11166  if Variable = "residual_sugar" then ROLE="RESIDUAL";
11167  else
11168  if Variable = "sulphates" then ROLE="INPUT";
11169  else
11170  if Variable = "total_sulfur_dioxide" then ROLE="INPUT";
11171  else
11172  if Variable = "volatile_acidity" then ROLE="INPUT";
11173  run;

NOTE: There were 13 observations read from the data set EMWS2.STAT5_INTERVAL.
NOTE: The data set WORK.STAT5INTERVALSUMMARY has 13 observations and 13 variables.
NOTE: DATA statement used (Total process time):
      real time           0.00 seconds
      cpu time            0.00 seconds
      

11174  proc sort data=WORK.Stat5INTERVALSUMMARY NOTHREADS;
11175  by DATAROLE ROLE Variable;
11176  run;

NOTE: There were 13 observations read from the data set WORK.STAT5INTERVALSUMMARY.
NOTE: The data set WORK.STAT5INTERVALSUMMARY has 13 observations and 13 variables.
NOTE: PROCEDURE SORT used (Total process time):
      real time           0.00 seconds
      cpu time            0.01 seconds
      

11177  %let _cn = %sysfunc(getoption(CENTER));
11178  %let _nb = %sysfunc(getoption(NUMBER));
11179  options nonumber nocenter;
11180  title;
11181  proc print data=WORK.Stat5INTERVALSUMMARY(obs=500) label noobs;
11182  var Variable ROLE MEAN STD N NMISS MIN P50 MAX SKEWNESS KURTOSIS;
11183  by DATAROLE;
11184  title9 "%sysfunc(sasmsg(sashelp.dmine, rpt_intervalStats_title, NOQUOTE))";
11185  title10 "%sysfunc(sasmsg(sashelp.dmine, rpt_maxObsPrinted_title, NOQUOTE))";
11186  run;

NOTE: There were 13 observations read from the data set WORK.STAT5INTERVALSUMMARY.
NOTE: The PROCEDURE PRINT printed page 4.
NOTE: PROCEDURE PRINT used (Total process time):
      real time           0.00 seconds
      cpu time            0.00 seconds
      

11187  title9;
11188  title10;
11189  options &_cn &_nb;

11190  *------------------------------------------------------------*;
11191  * Stat5: Computing Correlation Statistics;
11192  *------------------------------------------------------------*;
11193  proc corr data=EMWS2.Part_TRAIN(obs=100000)
11194  pearson outp = WORK.Stat5_TEMP
11195  noprint
11196  ;
11197  var
11198  quality
11199  ;
11200  with
11201  TastingDate
11202  alcohol
11203  chlorides
11204  citric_acid
11205  density
11206  fixed_acidity
11207  free_sulfur_dioxide
11208  pH
11209  quality
11210  residual_sugar
11211  sulphates
11212  total_sulfur_dioxide
11213  volatile_acidity
11214  ;
11215  ;
11216  run;

NOTE: The data set WORK.STAT5_TEMP has 16 observations and 3 variables.
NOTE: PROCEDURE CORR used (Total process time):
      real time           0.00 seconds
      cpu time            0.00 seconds
      

11217  quit;

11218  data WORK.Stat5CORR;
11219  length CORRTYPE $8;
11220  drop _TYPE_;
11221  set
11222  WORK.Stat5_TEMP(in=a)
11223  ;
11224  if a then CORRTYPE = 'PEARSON';
11225  where _TYPE_ = 'CORR';
11226  run;

NOTE: There were 13 observations read from the data set WORK.STAT5_TEMP.
      WHERE _TYPE_='CORR';
NOTE: The data set WORK.STAT5CORR has 13 observations and 3 variables.
NOTE: DATA statement used (Total process time):
      real time           0.00 seconds
      cpu time            0.00 seconds
      

11227  quit;
11228  proc sort data=WORK.Stat5CORR;
11229  by CORRTYPE _NAME_;
11230  run;

NOTE: There were 13 observations read from the data set WORK.STAT5CORR.
NOTE: The data set WORK.STAT5CORR has 13 observations and 3 variables.
NOTE: PROCEDURE SORT used (Total process time):
      real time           0.01 seconds
      cpu time            0.00 seconds
      

11231  proc transpose data=WORK.Stat5CORR(rename=_NAME_=INPUT) out=WORK.Stat5CORR(DROP=_LABEL_ RENAME=(COL1=CORRVALUE)) NAME=TARGET;
11232  by CORRTYPE INPUT;
11233  run;

WARNING: The variable _LABEL_ in the DROP, KEEP, or RENAME list has never been referenced.
NOTE: There were 13 observations read from the data set WORK.STAT5CORR.
NOTE: The data set WORK.STAT5CORR has 13 observations and 4 variables.
NOTE: PROCEDURE TRANSPOSE used (Total process time):
      real time           0.01 seconds
      cpu time            0.00 seconds
      

11234  proc datasets lib=WORK nolist;
11235  modify Stat5CORR;
11236  label Target = "%sysfunc(sasmsg(sashelp.dmine, rpt_target_vlabel ,      NOQUOTE))" INPUT = "%sysfunc(sasmsg(sashelp.dmine, rpt_input_vlabel ,       NOQUOTE))" CORRTYPE = "%sysfunc(sasmsg(sashelp.dmine, meta_type_vlabel ,       NOQUOTE))" CORRVALUE =
11237     "%sysfunc(sasmsg(sashelp.dmine, rpt_correlation_vlabel , NOQUOTE))";
11238  run;

NOTE: MODIFY was successful for WORK.STAT5CORR.DATA.

NOTE: PROCEDURE DATASETS used (Total process time):
      real time           0.00 seconds
      cpu time            0.00 seconds
      

11239  proc sort data=WORK.Stat5CORR;
11240  by CORRTYPE TARGET INPUT;
11241  where TARGET ne INPUT;
11242  run;

NOTE: There were 12 observations read from the data set WORK.STAT5CORR.
      WHERE TARGET not = INPUT;
NOTE: The data set WORK.STAT5CORR has 12 observations and 4 variables.
NOTE: PROCEDURE SORT used (Total process time):
      real time           0.00 seconds
      cpu time            0.00 seconds
      

11243  data WORK.Stat5CORR;
11244  length DATAROLE $20;
11245  retain DATAROLE "TRAIN";
11246  SegmentVar = "";
11247  SegmentValue = "";
11248  SegmentId = "_OVERALL_";
11249  set WORK.Stat5CORR;
11250  run;

NOTE: There were 12 observations read from the data set WORK.STAT5CORR.
NOTE: The data set WORK.STAT5CORR has 12 observations and 8 variables.
NOTE: DATA statement used (Total process time):
      real time           0.00 seconds
      cpu time            0.00 seconds
      

11251  proc append base=EMWS2.Stat5_CORR data=WORK.Stat5CORR force;
11252  run;

NOTE: Appending WORK.STAT5CORR to EMWS2.STAT5_CORR.
NOTE: BASE data set does not exist. DATA file is being copied to BASE file.
NOTE: There were 12 observations read from the data set WORK.STAT5CORR.
NOTE: The data set EMWS2.STAT5_CORR has 12 observations and 8 variables.
NOTE: PROCEDURE APPEND used (Total process time):
      real time           0.00 seconds
      cpu time            0.01 seconds
      

11253  %let _cn = %sysfunc(getoption(CENTER));
11254  %let _nb = %sysfunc(getoption(NUMBER));
11255  proc sort data=EMWS2.Stat5_VariableSet out=tempVariable(keep=name label role rename=(name=INPUT));
11256  by name;
11257  run;

NOTE: There were 16 observations read from the data set EMWS2.STAT5_VARIABLESET.
NOTE: The data set WORK.TEMPVARIABLE has 16 observations and 3 variables.
NOTE: PROCEDURE SORT used (Total process time):
      real time           0.00 seconds
      cpu time            0.00 seconds
      

11258  proc sort data=EMWS2.Stat5_CORR;
11259  by INPUT;
11260  run;

NOTE: There were 12 observations read from the data set EMWS2.STAT5_CORR.
NOTE: The data set EMWS2.STAT5_CORR has 12 observations and 8 variables.
NOTE: PROCEDURE SORT used (Total process time):
      real time           0.00 seconds
      cpu time            0.00 seconds
      

11261  data EMWS2.Stat5_CORR;
11262  merge EMWS2.Stat5_CORR(in=_a) tempVariable;
11263  by INPUT;
11264  if label = '' then label=INPUT;
11265  if _a then output;
11266  run;

WARNING: Multiple lengths were specified for the BY variable INPUT by input data sets. This might cause unexpected results.
NOTE: There were 12 observations read from the data set EMWS2.STAT5_CORR.
NOTE: There were 16 observations read from the data set WORK.TEMPVARIABLE.
NOTE: The data set EMWS2.STAT5_CORR has 12 observations and 10 variables.
NOTE: DATA statement used (Total process time):
      real time           0.01 seconds
      cpu time            0.01 seconds
      

11267  proc sort data=EMWS2.Stat5_CORR NOTHREADS;
11268  by DATAROLE CORRTYPE SEGMENTID TARGET descending CORRVALUE;
11269  run;

NOTE: There were 12 observations read from the data set EMWS2.STAT5_CORR.
NOTE: The data set EMWS2.STAT5_CORR has 12 observations and 10 variables.
NOTE: PROCEDURE SORT used (Total process time):
      real time           0.00 seconds
      cpu time            0.00 seconds
      

11270  data EMWS2.Stat5_CORR;
11271  set EMWS2.Stat5_CORR;
11272  label DATAROLE = "%sysfunc(sasmsg(sashelp.dmine,  rpt_datarole_vlabel, NOQUOTE))" ORDEREDINPUTS = "%sysfunc(sasmsg(sashelp.dmine, rpt_orderedInput_vlabel  , NOQUOTE))";
11273  label SegmentValue= "%sysfunc(sasmsg(sashelp.dmine, rpt_segmentId_vlabel, NOQUOTE))" SegmentVar = "%sysfunc(sasmsg(sashelp.dmine, rpt_segment_vlabel, NOQUOTE))" SegmentId = "%sysfunc(sasmsg(sashelp.dmine, rpt_segmentNameValue_vlabel, NOQUOTE))";
11274  format ORDEREDINPUTS 5.0;
11275  retain ORDEREDINPUTS 0;
11276  if first.DATAROLE or first.CORRTYPE or first.SEGMENTID or first.TARGET then ORDEREDINPUTS=1;
11277  else ORDEREDINPUTS+1;
11278  by DATAROLE CORRTYPE TARGET;
11279  run;

NOTE: Variable first.SEGMENTID is uninitialized.
NOTE: There were 12 observations read from the data set EMWS2.STAT5_CORR.
NOTE: The data set EMWS2.STAT5_CORR has 12 observations and 11 variables.
NOTE: DATA statement used (Total process time):
      real time           0.01 seconds
      cpu time            0.00 seconds
      

11280  options nonumber nocenter;
11281  title;
11282  title9 ' ';
11283  proc sort data=EMWS2.Stat5_CORR NOTHREADS;
11284  by DATAROLE CORRTYPE TARGET descending CORRVALUE;
11285  run;

NOTE: There were 12 observations read from the data set EMWS2.STAT5_CORR.
NOTE: The data set EMWS2.STAT5_CORR has 12 observations and 11 variables.
NOTE: PROCEDURE SORT used (Total process time):
      real time           0.01 seconds
      cpu time            0.00 seconds
      

11286  proc print data=EMWS2.Stat5_CORR(obs=500) noobs label;
11287  var INPUT CORRVALUE;
11288  by DATAROLE CORRTYPE TARGET;
11289  title9 "%sysfunc(sasmsg(sashelp.dmine, rpt_corrStats_title    , NOQUOTE))";
11290  title10 "%sysfunc(sasmsg(sashelp.dmine, rpt_maxObsPrinted_title, NOQUOTE))";
11291  run;

NOTE: There were 12 observations read from the data set EMWS2.STAT5_CORR.
NOTE: The PROCEDURE PRINT printed page 5.
NOTE: PROCEDURE PRINT used (Total process time):
      real time           0.00 seconds
      cpu time            0.00 seconds
      

11292  title10;
11293  options &_cn &_nb;
11294  proc sort data=WORK.M34UER5W;
11295  by name;
11296  run;

NOTE: Input data set is already sorted, no sorting done.
NOTE: PROCEDURE SORT used (Total process time):
      real time           0.00 seconds
      cpu time            0.00 seconds
      

11297  proc means data=EMWS2.Stat5_CLASS noprint;
11298  class DATAROLE Variable;
11299  var PERCENT;
11300  output out=EMWS2.Stat5_CLASSPLOT;
11301  run;

NOTE: There were 9 observations read from the data set EMWS2.STAT5_CLASS.
NOTE: The data set EMWS2.STAT5_CLASSPLOT has 30 observations and 6 variables.
NOTE: PROCEDURE MEANS used (Total process time):
      real time           0.00 seconds
      cpu time            0.00 seconds
      

11302  proc transpose data=EMWS2.Stat5_CLASSPLOT out=EMWS2.Stat5_CLASSPLOT;
11303  where _type_=3 and _STAT_ = 'STD';
11304  var PERCENT;
11305  id _STAT_;
11306  by DATAROLE Variable;
11307  run;

NOTE: There were 2 observations read from the data set EMWS2.STAT5_CLASSPLOT.
      WHERE (_type_=3) and (_STAT_='STD');
NOTE: The data set EMWS2.STAT5_CLASSPLOT has 2 observations and 4 variables.
NOTE: PROCEDURE TRANSPOSE used (Total process time):
      real time           0.02 seconds
      cpu time            0.00 seconds
      

11308  proc sort data=EMWS2.Stat5_CLASSPLOT;
11309  by DATAROLE descending STD;
11310  where STD ne .;
11311  run;

NOTE: There were 2 observations read from the data set EMWS2.STAT5_CLASSPLOT.
      WHERE STD not = .;
NOTE: The data set EMWS2.STAT5_CLASSPLOT has 2 observations and 4 variables.
NOTE: PROCEDURE SORT used (Total process time):
      real time           0.00 seconds
      cpu time            0.00 seconds
      

11312  data EMWS2.Stat5_CLASSPLOT(keep=DATAROLE Variable STD OrderedInput);
11313  label OrderedInput = "%sysfunc(sasmsg(sashelp.dmine, rpt_orderedInput_vlabel, NOQUOTE))";
11314  format OrderedInput 5.0;
11315  label STD = "%sysfunc(sasmsg(sashelp.dmine, rpt_pctVariability_vlabel, NOQUOTE))";
11316  retain OrderedInput 0;
11317  set EMWS2.Stat5_CLASSPLOT;
11318  by DATAROLE;
11319  if first.DATAROLE then OrderedInput = 1;
11320  else OrderedInput + 1;
11321  run;

NOTE: There were 2 observations read from the data set EMWS2.STAT5_CLASSPLOT.
NOTE: The data set EMWS2.STAT5_CLASSPLOT has 2 observations and 4 variables.
NOTE: DATA statement used (Total process time):
      real time           0.01 seconds
      cpu time            0.00 seconds
      

11322  proc sort data=EMWS2.Stat5_CLASSPLOT;
11323  by Variable;
11324  run;

NOTE: There were 2 observations read from the data set EMWS2.STAT5_CLASSPLOT.
NOTE: The data set EMWS2.STAT5_CLASSPLOT has 2 observations and 4 variables.
NOTE: PROCEDURE SORT used (Total process time):
      real time           0.00 seconds
      cpu time            0.00 seconds
      

11325  data EMWS2.Stat5_CLASSPLOT;
11326  merge EMWS2.Stat5_CLASSPLOT(in=_a) WORK.M34UER5W(rename=(NAME=VARIABLE) Keep=NAME ROLE LABEL REPORT);
11327  by Variable;
11328  if _a and (OrderedInput<100 or Report='Y') then output;
11329  run;

WARNING: Multiple lengths were specified for the BY variable VARIABLE by input data sets. This might cause unexpected results.
NOTE: There were 2 observations read from the data set EMWS2.STAT5_CLASSPLOT.
NOTE: There were 16 observations read from the data set WORK.M34UER5W.
NOTE: The data set EMWS2.STAT5_CLASSPLOT has 2 observations and 7 variables.
NOTE: DATA statement used (Total process time):
      real time           0.01 seconds
      cpu time            0.00 seconds
      

11330  data temp;
11331  set EMWS2.Stat5_CLASSPLOT;
11332  where DATAROLE='TRAIN';
11333  if OrderedInput<21 then plot = 1;
11334  else plot=0;
11335  if LABEL = "" then LABEL = Variable;
11336  keep Variable Label plot;
11337  run;

NOTE: There were 2 observations read from the data set EMWS2.STAT5_CLASSPLOT.
      WHERE DATAROLE='TRAIN';
NOTE: The data set WORK.TEMP has 2 observations and 3 variables.
NOTE: DATA statement used (Total process time):
      real time           0.00 seconds
      cpu time            0.00 seconds
      

11338  data EMWS2.Stat5_CLASSPLOT;
11339  merge EMWS2.Stat5_CLASSPLOT temp;
11340  by Variable;
11341  label DATAROLE = "%sysfunc(sasmsg(sashelp.dmine,  rpt_datarole_vlabel, NOQUOTE))" ROLE = "%sysfunc(sasmsg(sashelp.dmine, meta_role_vlabel,          NOQUOTE))" PLOT = "%sysfunc(sasmsg(sashelp.dmine, rpt_plot_vlabel,           NOQUOTE))" REPORT =
11342     "%sysfunc(sasmsg(sashelp.dmine, meta_report_vlabel,         NOQUOTE))";
11343  run;

NOTE: There were 2 observations read from the data set EMWS2.STAT5_CLASSPLOT.
NOTE: There were 2 observations read from the data set WORK.TEMP.
NOTE: The data set EMWS2.STAT5_CLASSPLOT has 2 observations and 8 variables.
NOTE: DATA statement used (Total process time):
      real time           0.00 seconds
      cpu time            0.00 seconds
      

11344  proc sort data=EMWS2.Stat5_CLASSPLOT;
11345  by DATAROLE Variable;
11346  run;

NOTE: There were 2 observations read from the data set EMWS2.STAT5_CLASSPLOT.
NOTE: The data set EMWS2.STAT5_CLASSPLOT has 2 observations and 8 variables.
NOTE: PROCEDURE SORT used (Total process time):
      real time           0.00 seconds
      cpu time            0.00 seconds
      

11347  proc sort data=EMWS2.Stat5_CLASS;
11348  by DATAROLE Variable;
11349  run;

NOTE: There were 9 observations read from the data set EMWS2.STAT5_CLASS.
NOTE: The data set EMWS2.STAT5_CLASS has 9 observations and 12 variables.
NOTE: PROCEDURE SORT used (Total process time):
      real time           0.00 seconds
      cpu time            0.00 seconds
      

11350  data EMWS2.Stat5_CLASS;
11351  merge EMWS2.Stat5_CLASS(drop=NRAW CRAW) EMWS2.Stat5_CLASSPLOT(keep=DATAROLE Variable Plot);
11352  by DATAROLE Variable;
11353  if plot eq . then delete;
11354  label DATAROLE = "%sysfunc(sasmsg(sashelp.dmine, rpt_datarole_vlabel,       NOQUOTE))" LEVEL = "%sysfunc(sasmsg(sashelp.dmine, rpt_level_vlabel,          NOQUOTE))" TYPE = "%sysfunc(sasmsg(sashelp.dmine, rpt_type_vlabel,           NOQUOTE))" COUNT =
11355     "%sysfunc(sasmsg(sashelp.dmine, rpt_count_vlabel,          NOQUOTE))" ROLE = "%sysfunc(sasmsg(sashelp.dmine, meta_role_vlabel,          NOQUOTE))" PERCENT = "%sysfunc(sasmsg(sashelp.dmine, rpt_percent_vlabel,        NOQUOTE))" PLOT =
11356     "%sysfunc(sasmsg(sashelp.dmine, rpt_plot_vlabel,           NOQUOTE))" LEVELINDEX = "%sysfunc(sasmsg(sashelp.dmine, rpt_levelIndex_vlabel,     NOQUOTE))";
11357  run;

NOTE: There were 9 observations read from the data set EMWS2.STAT5_CLASS.
NOTE: There were 2 observations read from the data set EMWS2.STAT5_CLASSPLOT.
NOTE: The data set EMWS2.STAT5_CLASS has 9 observations and 11 variables.
NOTE: DATA statement used (Total process time):
      real time           0.01 seconds
      cpu time            0.00 seconds
      

11358  data EMWS2.Stat5_INTERVAL;
11359  set EMWS2.Stat5_INTERVAL;
11360  label NMiss = "%sysfunc(sasmsg(sashelp.dmine, rpt_missing_vlabel, NOQUOTE))" absCV = "%sysfunc(sasmsg(sashelp.dmine, rpt_absCV_vlabel,   NOQUOTE))" CV = "%sysfunc(sasmsg(sashelp.dmine, rpt_cv_vlabel,      NOQUOTE))" Sign =
11361     "%sysfunc(sasmsg(sashelp.dmine, rpt_sign_vlabel,    NOQUOTE))";
11362  if MEAN ne . then do;
11363  CV = STD/MEAN;
11364  absCV = abs(CV);
11365  if absCV < 0 then Sign = '-';
11366  else Sign = '+';
11367  absCV = abs(absCV);
11368  end;
11369  run;

NOTE: There were 13 observations read from the data set EMWS2.STAT5_INTERVAL.
NOTE: The data set EMWS2.STAT5_INTERVAL has 13 observations and 16 variables.
NOTE: DATA statement used (Total process time):
      real time           0.00 seconds
      cpu time            0.00 seconds
      

11370  proc sort data = EMWS2.Stat5_INTERVAL;
11371  by DATAROLE descending absCV;
11372  run;

NOTE: There were 13 observations read from the data set EMWS2.STAT5_INTERVAL.
NOTE: The data set EMWS2.STAT5_INTERVAL has 13 observations and 16 variables.
NOTE: PROCEDURE SORT used (Total process time):
      real time           0.00 seconds
      cpu time            0.00 seconds
      

11373  data EMWS2.Stat5_INTERVAL;
11374  retain OrderedInput;
11375  set EMWS2.Stat5_INTERVAL;
11376  by DATAROLE;
11377  label OrderedInput = "%sysfunc(sasmsg(sashelp.dmine, rpt_orderedInput_vlabel, NOQUOTE))";
11378  format OrderedInput 5.0;
11379  if first.DATAROLE then OrderedInput = 1;
11380  else OrderedInput + 1;
11381  run;

NOTE: There were 13 observations read from the data set EMWS2.STAT5_INTERVAL.
NOTE: The data set EMWS2.STAT5_INTERVAL has 13 observations and 17 variables.
NOTE: DATA statement used (Total process time):
      real time           0.00 seconds
      cpu time            0.00 seconds
      

11382  proc sort data=WORK.M34UER5W;
11383  by name;
11384  run;

NOTE: Input data set is already sorted, no sorting done.
NOTE: PROCEDURE SORT used (Total process time):
      real time           0.00 seconds
      cpu time            0.00 seconds
      

11385  proc sort data=EMWS2.Stat5_WORTH;
11386  by NAME;
11387  run;

NOTE: There were 13 observations read from the data set EMWS2.STAT5_WORTH.
NOTE: The data set EMWS2.STAT5_WORTH has 13 observations and 5 variables.
NOTE: PROCEDURE SORT used (Total process time):
      real time           0.00 seconds
      cpu time            0.00 seconds
      

11388  data EMWS2.Stat5_WORTH;
11389  merge EMWS2.Stat5_WORTH(in=_a) WORK.M34UER5W(Keep=NAME LABEL REPORT);
11390  by NAME;
11391  if REPORT = 'Y' then plot = 1;
11392  if LABEL = "" then LABEL = NAME;
11393  if _a then output;
11394  drop report;
11395  run;

WARNING: Multiple lengths were specified for the BY variable Name by input data sets. This might cause unexpected results.
NOTE: There were 13 observations read from the data set EMWS2.STAT5_WORTH.
NOTE: There were 16 observations read from the data set WORK.M34UER5W.
NOTE: The data set EMWS2.STAT5_WORTH has 13 observations and 7 variables.
NOTE: DATA statement used (Total process time):
      real time           0.01 seconds
      cpu time            0.00 seconds
      

11396  proc sort data=EMWS2.Stat5_WORTH;
11397  by rank;
11398  run;

NOTE: There were 13 observations read from the data set EMWS2.STAT5_WORTH.
NOTE: The data set EMWS2.STAT5_WORTH has 13 observations and 7 variables.
NOTE: PROCEDURE SORT used (Total process time):
      real time           0.01 seconds
      cpu time            0.00 seconds
      

