*------------------------------------------------------------*
* Training Log
Date:                January 06, 2024
Time:                00:56:56
*------------------------------------------------------------*
10867  proc freq data=EMWS2.Trans_VariableSet noprint;
10868  table ROLE*LEVEL/out=WORK.TransMETA;
10869  run;

NOTE: There were 14 observations read from the data set EMWS2.TRANS_VARIABLESET.
NOTE: The data set WORK.TRANSMETA has 3 observations and 4 variables.
NOTE: PROCEDURE FREQ used (Total process time):
      real time           0.04 seconds
      cpu time            0.00 seconds
      

10870  proc print data=WORK.TransMETA label noobs;
10871  var ROLE LEVEL COUNT;
10872  label ROLE = "%sysfunc(sasmsg(sashelp.dmine, meta_role_vlabel, NOQUOTE))" LEVEL = "%sysfunc(sasmsg(sashelp.dmine, meta_level_vlabel, NOQUOTE))" COUNT = "%sysfunc(sasmsg(sashelp.dmine, rpt_count_vlabel, NOQUOTE))";
10873  title9 ' ';
10874  title10 "%sysfunc(sasmsg(sashelp.dmine, rpt_varSummary_title  , NOQUOTE))";
10875  run;

NOTE: There were 3 observations read from the data set WORK.TRANSMETA.
NOTE: The PROCEDURE PRINT printed page 1.
NOTE: PROCEDURE PRINT used (Total process time):
      real time           0.01 seconds
      cpu time            0.00 seconds
      

10876  title10;

10877  data WORK.M32TR05_;
10878  set WORK.M32TR05_;
10879  if (METHOD='NONE' and ROLE ne 'FREQ') or (role = 'REJECTED' and METHOD = 'DEFAULT') then delete;
10880  run;

NOTE: There were 14 observations read from the data set WORK.M32TR05_.
NOTE: The data set WORK.M32TR05_ has 14 observations and 22 variables.
NOTE: DATA statement used (Total process time):
      real time           0.01 seconds
      cpu time            0.00 seconds
      

NOTE: There were 5198 observations read from the data set EMWS2.PART_TRAIN.
NOTE: There were 5196 observations read from the data set EMWS2.FILTER2_TRAIN.
NOTE: View EMWS2.STAT4_TRAIN.VIEW used (Total process time):
      real time           0.07 seconds
      cpu time            0.03 seconds
      
NOTE: There were 5196 observations read from the data set EMWS2.IMPT3_TRAIN.
10945  *------------------------------------------------------------*;
10946  * Trans: Computing Summary Statistics;
10947  *------------------------------------------------------------*;
10948  data WORK.M1L4HYA2;
10949  set WORK.M1L4HYA2;
10950  if (role = 'REJECTED') then role = 'INPUT';
10951  run;

NOTE: There were 14 observations read from the data set WORK.M1L4HYA2.
NOTE: The data set WORK.M1L4HYA2 has 14 observations and 22 variables.
NOTE: DATA statement used (Total process time):
      real time           0.01 seconds
      cpu time            0.01 seconds
      

10952  *------------------------------------------------------------* ;
10953  * EM: DMDBClass Macro ;
10954  *------------------------------------------------------------* ;
10955  %macro DMDBClass;
10956      TasterName(ASC) category(ASC)
10957  %mend DMDBClass;
10958  *------------------------------------------------------------* ;
10959  * EM: DMDBVar Macro ;
10960  *------------------------------------------------------------* ;
10961  %macro DMDBVar;
10962      IMP_pH IMP_sulphates TastingDate alcohol chlorides citric_acid density
10963     fixed_acidity free_sulfur_dioxide quality total_sulfur_dioxide volatile_acidity
10964  %mend DMDBVar;
10965  *------------------------------------------------------------*;
10966  * EM: Create DMDB;
10967  *------------------------------------------------------------*;
10968  proc dmdb batch data=EMWS2.Stat4_TRAIN
10969  dmdbcat=WORK.EM_DMDB
10970  classout=WORK.Transclassout
10971  maxlevel = 513
10972  ;
10973  class %DMDBClass;
10974  var %DMDBVar;
10975  target
10976  quality
10977  ;
10978  run;

NOTE: Records processed = 5196   Memory used = 511K.
NOTE: There were 5198 observations read from the data set EMWS2.PART_TRAIN.
NOTE: There were 5196 observations read from the data set EMWS2.FILTER2_TRAIN.
NOTE: View EMWS2.STAT4_TRAIN.VIEW used (Total process time):
      real time           0.08 seconds
      cpu time            0.03 seconds
      
NOTE: There were 5196 observations read from the data set EMWS2.IMPT3_TRAIN.
NOTE: There were 5196 observations read from the data set EMWS2.STAT4_TRAIN.
NOTE: The data set WORK.TRANSCLASSOUT has 8 observations and 9 variables.
NOTE: PROCEDURE DMDB used (Total process time):
      real time           0.09 seconds
      cpu time            0.03 seconds
      

10979  quit;
10980  *--- end code ---*;

10981  data WORK.TransINTERVALMETA;
10982  set WORK.M32TR05_;
10983  if LEVEL ne 'INTERVAL' then delete;
10984  run;

NOTE: There were 14 observations read from the data set WORK.M32TR05_.
NOTE: The data set WORK.TRANSINTERVALMETA has 12 observations and 22 variables.
NOTE: DATA statement used (Total process time):
      real time           0.00 seconds
      cpu time            0.00 seconds
      

10985  *------------------------------------------------------------*;
10986  * Trans: Determining Variables to Scale;
10987  *------------------------------------------------------------*;
10988  data WORK.M2FJ0S4C;
10989  set WORK.M2FJ0S4C;
10990  where (TYPE="N" and (METHOD in("MAX_NORM", "MAX_CORR", "EQUALIZE", "OP_MAX_NORM", "OP_EQUALIZE"))) or (ROLE eq "FREQ");
10991  run;

NOTE: There were 0 observations read from the data set WORK.M2FJ0S4C.
      WHERE ((TYPE='N') and METHOD in ('EQUALIZE', 'MAX_CORR', 'MAX_NORM', 'OP_EQUALIZE', 'OP_MAX_NORM')) or (ROLE='FREQ');
NOTE: The data set WORK.M2FJ0S4C has 0 observations and 22 variables.
NOTE: DATA statement used (Total process time):
      real time           0.01 seconds
      cpu time            0.00 seconds
      

*------------------------------------------------------------* 
*  Trans: Equalize transformation requires a class target variable.  Transformation will be ignored. 
*------------------------------------------------------------* 
*------------------------------------------------------------* 
*  Trans: Optimize equalize max. transformation requires a class target variable.  Transformation will be ignored. 
*------------------------------------------------------------* 
NOTE: View EMWS2.STAT4_TRAIN.VIEW used (Total process time):
      real time           0.36 seconds
      cpu time            0.03 seconds
      
NOTE: This SAS session is using a registry in WORK.  All changes will be lost at the end of this session.
*------------------------------------------------------------* 
*  Trans: Creating EMWS2.Trans_RESULT 
*------------------------------------------------------------* 
WARNING: Multiple lengths were specified for the BY variable NAME by input data sets. This might cause unexpected results.

NOTE: PROCEDURE DATASETS used (Total process time):
      real time           0.02 seconds
      cpu time            0.01 seconds
      

11078  data EMWS2.Trans_RESULT;
11079  length NAME $32 FORMULA $70 POWER 8 ROLE $32 LEVEL $10 INPUTNAME $32 INPUTTYPE $1 LABEL $44;
11080  label INPUTNAME ='Input Name' NAME='Name' POWER='Power' FORMULA='Formula' ROLE='Role' INPUTLEVEL='Input Level' LEVEL='Level' INPUTTYPE='Input Type' TYPE='Type';
11081  set EMWS2.Trans_RESULT;
11082  if INPUTNAME = '' then INPUTNAME = "Mixture of variables";
11083  run;

NOTE: There were 8 observations read from the data set EMWS2.TRANS_RESULT.
NOTE: The data set EMWS2.TRANS_RESULT has 8 observations and 11 variables.
NOTE: DATA statement used (Total process time):
      real time           0.00 seconds
      cpu time            0.00 seconds
      

11084  data WORK.M3DI5U_T;
11085  set WORK.M3DI5U_T;
11086  if ROLE='REJECTED' then ROLE='INPUT';
11087  run;

NOTE: There were 8 observations read from the data set WORK.M3DI5U_T.
NOTE: The data set WORK.M3DI5U_T has 8 observations and 11 variables.
NOTE: DATA statement used (Total process time):
      real time           0.01 seconds
      cpu time            0.00 seconds
      

*------------------------------------------------------------* 
*  Trans: Computing summary statistics for transformed variables 
*------------------------------------------------------------* 
11282  data WORK.TRANSFOR_1CX18AZ_STATISTIC;
11283  set WORK.Trans_TEMP;
11284  run;

NOTE: There were 8 observations read from the data set WORK.TRANS_TEMP.
NOTE: The data set WORK.TRANSFOR_1CX18AZ_STATISTIC has 8 observations and 10 variables.
NOTE: DATA statement used (Total process time):
      real time           0.01 seconds
      cpu time            0.00 seconds
      

11285  %exploreSample(DATA=EMWS2.Stat4_TRAIN, OUTPUT=EMWS2.Trans_SAMPLE_DATA, METADATA=EMWS2.Stat4_CMeta_TRAIN, VARS=, METHOD=FIRSTN, SIZE=DEFAULT, ALPHA=0.01, PVALUE=0.01, SEED=12345);
NOTE: Fileref X has been deassigned.
NOTE: EXPLOREOBS EMWS2.Stat4_TRAIN : vars= 24 : recl= 187 : max=20000 : def= 2000
PERFORMANCE  DETAILS
*------------------------------------------------------------*
* FirstN/Top sample
*------------------------------------------------------------*

NOTE: There were 5198 observations read from the data set EMWS2.PART_TRAIN.
NOTE: There were 5196 observations read from the data set EMWS2.FILTER2_TRAIN.
NOTE: View EMWS2.STAT4_TRAIN.VIEW used (Total process time):
      real time           0.08 seconds
      cpu time            0.06 seconds
      
NOTE: There were 5196 observations read from the data set EMWS2.IMPT3_TRAIN.
NOTE: There were 2000 observations read from the data set EMWS2.STAT4_TRAIN.
NOTE: The data set EMWS2.TRANS_SAMPLE_DATA has 2000 observations and 24 variables.
NOTE: DATA statement used (Total process time):
      real time           0.08 seconds
      cpu time            0.06 seconds
      


11462  proc print data = EMWS2.Trans_RESULT(obs=500) noobs label;
11463  title9 "%sysfunc(sasmsg(sashelp.dmine, rpt_computedtransformations_title, NOQUOTE))";
11464  title10 "%sysfunc(sasmsg(sashelp.dmine, rpt_maxObsPrinted_title, NOQUOTE))";
11465  var INPUTNAME ROLE INPUTLEVEL NAME LEVEL FORMULA;
11466  run;

NOTE: There were 8 observations read from the data set EMWS2.TRANS_RESULT.
NOTE: The PROCEDURE PRINT printed page 2.
NOTE: PROCEDURE PRINT used (Total process time):
      real time           0.00 seconds
      cpu time            0.00 seconds
      

11467  title9;
11468  title10;

