*------------------------------------------------------------*
* Report Log
Date:                January 06, 2024
Time:                00:57:07
*------------------------------------------------------------*
11943  data WORK.DMREGTEMP;
11944  set EMWS2.Reg2_EMESTIMATE;
11945  where _CHOSEN_ ne '';
11946  run;

NOTE: There were 3 observations read from the data set EMWS2.REG2_EMESTIMATE.
      WHERE _CHOSEN_ not = ' ';
NOTE: The data set WORK.DMREGTEMP has 3 observations and 41 variables.
NOTE: DATA statement used (Total process time):
      real time           0.00 seconds
      cpu time            0.00 seconds
      

11947  data WORK.DMREGTEMP;
11948  merge WORK.DMREGTEMP EMWS2.Reg2_FITTEST;
11949  by _step_;
11950  if _CHOSEN_ ne '' then output;
11951  run;

NOTE: There were 3 observations read from the data set WORK.DMREGTEMP.
NOTE: There were 7 observations read from the data set EMWS2.REG2_FITTEST.
NOTE: The data set WORK.DMREGTEMP has 3 observations and 54 variables.
NOTE: DATA statement used (Total process time):
      real time           0.01 seconds
      cpu time            0.00 seconds
      

11952  data EMWS2.Reg2_EMOUTFIT;
11953  length TARGET $32;
11954  set WORK.DMREGTEMP end=eof;
11955  where (_TYPE_='PARMS');
11956  drop _STEP_--categoryRED;
11957  if eof then do;
11958  TARGET = "quality";
11959  output;
11960  end;
11961  run;

NOTE: There were 1 observations read from the data set WORK.DMREGTEMP.
      WHERE _TYPE_='PARMS';
NOTE: The data set EMWS2.REG2_EMOUTFIT has 1 observations and 33 variables.
NOTE: DATA statement used (Total process time):
      real time           0.00 seconds
      cpu time            0.00 seconds
      

11962  data EMWS2.Reg2_EMOUTFIT;
11963  set EMWS2.Reg2_EMOUTFIT;
11964  length TargetLabel $200;
11965  label targetLabel = "%sysfunc(sasmsg(sashelp.dmine, meta_targetlabel_vlabel, NOQUOTE))";
11966  run;

NOTE: Variable TargetLabel is uninitialized.
NOTE: There were 1 observations read from the data set EMWS2.REG2_EMOUTFIT.
NOTE: The data set EMWS2.REG2_EMOUTFIT has 1 observations and 34 variables.
NOTE: DATA statement used (Total process time):
      real time           0.01 seconds
      cpu time            0.00 seconds
      

11967  proc sort data=EMWS2.Reg2_EMREPORTFIT nothreads;
11968  by TARGET;
11969  run;

NOTE: There were 19 observations read from the data set EMWS2.REG2_EMREPORTFIT.
NOTE: The data set EMWS2.REG2_EMREPORTFIT has 19 observations and 7 variables.
NOTE: PROCEDURE SORT used (Total process time):
      real time           0.01 seconds
      cpu time            0.00 seconds
      

11970  %let _EMwarndup = 0;
11971  %let _EMtargetdup =;
11972  %let _EMASEtargetdup =;
11973  data _null_;
11974  set EMWS2.Reg2_EMOUTFIT;
11975  if .<_ASE_<0.000001 then do;
11976  call symput('_EMwarndup', '1');
11977  call symput('_EMtargetdup', target);
11978  call symput('_EMASEtargetdup', put(_ASE_, best.));
11979  end;
11980  run;

NOTE: There were 1 observations read from the data set EMWS2.REG2_EMOUTFIT.
NOTE: DATA statement used (Total process time):
      real time           0.00 seconds
      cpu time            0.00 seconds
      

11981  proc sort data=EMWS2.Trans_CMeta_TRAIN out=WORK.SUBSETINMETA;
11982  by NAME;
11983  run;

NOTE: There were 17 observations read from the data set EMWS2.TRANS_CMETA_TRAIN.
NOTE: The data set WORK.SUBSETINMETA has 17 observations and 20 variables.
NOTE: PROCEDURE SORT used (Total process time):
      real time           0.00 seconds
      cpu time            0.00 seconds
      

11984  proc sort data=EMWS2.Reg2_VariableSet out=WORK.SUBSETVARSET(keep=NAME REPORT);
11985  by NAME;
11986  run;

NOTE: There were 14 observations read from the data set EMWS2.REG2_VARIABLESET.
NOTE: The data set WORK.SUBSETVARSET has 14 observations and 2 variables.
NOTE: PROCEDURE SORT used (Total process time):
      real time           0.00 seconds
      cpu time            0.00 seconds
      

11987  data WORK.ASSESS_META;
11988  merge WORK.SUBSETINMETA WORK.SUBSETVARSET;
11989  by NAME;
11990  run;

NOTE: There were 17 observations read from the data set WORK.SUBSETINMETA.
NOTE: There were 14 observations read from the data set WORK.SUBSETVARSET.
NOTE: The data set WORK.ASSESS_META has 17 observations and 20 variables.
NOTE: DATA statement used (Total process time):
      real time           0.00 seconds
      cpu time            0.00 seconds
      

11991  data EM_temp_assessMeta;
11992  set EMWS2.Reg2_CMeta_TRAIN;
11993  where role in('DECISION', 'PREDICT', 'RESIDUAL', 'CLASSIFICATION', 'ASSESS', 'COST');
11994  run;

NOTE: There were 4 observations read from the data set EMWS2.REG2_CMETA_TRAIN.
      WHERE role in ('ASSESS', 'CLASSIFICATION', 'COST', 'DECISION', 'PREDICT', 'RESIDUAL');
NOTE: The data set WORK.EM_TEMP_ASSESSMETA has 4 observations and 21 variables.
NOTE: DATA statement used (Total process time):
      real time           0.00 seconds
      cpu time            0.00 seconds
      

11995  data EM_temp_assessdata;
11996  set EMWS2.Reg2_TRAIN(keep=
11997  P_quality
11998  R_quality
11999  _WARN_
12000  residual_sugar
12001  quality
12002  );
12003  run;

NOTE: There were 5198 observations read from the data set EMWS2.PART_TRAIN.
NOTE: There were 5196 observations read from the data set EMWS2.FILTER2_TRAIN.
NOTE: There were 5196 observations read from the data set EMWS2.IMPT3_TRAIN.
NOTE: There were 5196 observations read from the data set EMWS2.STAT4_TRAIN.
NOTE: View EMWS2.REG2_TRAIN.VIEW used (Total process time):
      real time           0.14 seconds
      cpu time            0.03 seconds
      
NOTE: There were 5196 observations read from the data set EMWS2.TRANS_TRAIN.
NOTE: There were 5196 observations read from the data set EMWS2.REG2_TRAIN.
NOTE: The data set WORK.EM_TEMP_ASSESSDATA has 5196 observations and 5 variables.
NOTE: DATA statement used (Total process time):
      real time           0.15 seconds
      cpu time            0.03 seconds
      








16334  %let _cn = %sysfunc(getoption(CENTER));
16335  options nocenter;
16336  proc print data=EMWS2.Reg2_EMREPORTFIT noobs label;
16337  var STAT LABEL TRAIN
16338  TEST
16339  ;
16340  by TARGET TARGETLABEL;
16341  title9 ' ';
16342  title10 "%sysfunc(sasmsg(sashelp.dmine, rpt_fitstat_title  , NOQUOTE))";
16343  run;

NOTE: There were 19 observations read from the data set EMWS2.REG2_EMREPORTFIT.
NOTE: The PROCEDURE PRINT printed page 4.
NOTE: PROCEDURE PRINT used (Total process time):
      real time           0.00 seconds
      cpu time            0.00 seconds
      

16344  title10;
16345  options &_cn;

16346  proc datasets library=EMWS2 nolist;
16347  modify Reg2_EMRANK;
16348  label target = "%sysfunc(sasmsg(sashelp.dmine, rpt_targetvar_vlabel ,   NOQUOTE))";
16349  label datarole = "%sysfunc(sasmsg(sashelp.dmine, rpt_datarole_vlabel ,    NOQUOTE))";
16350  run;

NOTE: MODIFY was successful for EMWS2.REG2_EMRANK.DATA.
16351  quit;

NOTE: PROCEDURE DATASETS used (Total process time):
      real time           0.01 seconds
      cpu time            0.00 seconds
      

16352  %let _cn = %sysfunc(getoption(CENTER));
16353  options nocenter;
16354  proc print data=EMWS2.Reg2_EMRANK label noobs;
16355  var
16356  decile N _targetMean_ _meanP_;
16357  by
16358  notsorted DATAROLE
16359  notsorted TARGET
16360  notsorted TARGETLABEL
16361  ;
16362  title9 ' ';
16363  title10 "%sysfunc(sasmsg(sashelp.dmine, rpt_scoreranking_title , NOQUOTE))";
16364  run;

NOTE: There were 20 observations read from the data set EMWS2.REG2_EMRANK.
NOTE: The PROCEDURE PRINT printed page 5.
NOTE: PROCEDURE PRINT used (Total process time):
      real time           0.00 seconds
      cpu time            0.00 seconds
      

16365  title10;
16366  options &_cn;

16367  proc datasets library=EMWS2 nolist;
16368  modify Reg2_EMSCOREDIST;
16369  label target = "%sysfunc(sasmsg(sashelp.dmine, rpt_targetvar_vlabel ,      NOQUOTE))";
16370  label datarole = "%sysfunc(sasmsg(sashelp.dmine, rpt_datarole_vlabel ,    NOQUOTE))";
16371  run;

NOTE: MODIFY was successful for EMWS2.REG2_EMSCOREDIST.DATA.
16372  quit;

NOTE: PROCEDURE DATASETS used (Total process time):
      real time           0.02 seconds
      cpu time            0.00 seconds
      

