*------------------------------------------------------------*
* Score Log
Date:                January 06, 2024
Time:                00:57:06
*------------------------------------------------------------*
11253  proc transpose data=EMWS2.Reg2_EMESTIMATE out=WORK.TEMPREG;
11254  where _CHOSEN_ ne '' and _TYPE_='PARMS';
11255  run;

NOTE: There were 1 observations read from the data set EMWS2.REG2_EMESTIMATE.
      WHERE (_CHOSEN_ not = ' ') and (_TYPE_='PARMS');
NOTE: The data set WORK.TEMPREG has 38 observations and 3 variables.
NOTE: PROCEDURE TRANSPOSE used (Total process time):
      real time           0.01 seconds
      cpu time            0.00 seconds
      

11256  proc transpose data=EMWS2.Reg2_MAPDS out=WORK.TEMPREG2(rename=(TARGET=_TARGET_));
11257  var "IMP_pH"n--"categoryRED"n;
11258  run;

WARNING: The variable TARGET in the DROP, KEEP, or RENAME list has never been referenced.
NOTE: There were 2 observations read from the data set EMWS2.REG2_MAPDS.
NOTE: The data set WORK.TEMPREG2 has 17 observations and 4 variables.
NOTE: PROCEDURE TRANSPOSE used (Total process time):
      real time           0.01 seconds
      cpu time            0.00 seconds
      

11259  proc sort data=WORK.TEMPREG NOTHREADS;
11260  by _NAME_;
11261  run;

NOTE: There were 38 observations read from the data set WORK.TEMPREG.
NOTE: The data set WORK.TEMPREG has 38 observations and 3 variables.
NOTE: PROCEDURE SORT used (Total process time):
      real time           0.00 seconds
      cpu time            0.00 seconds
      

11262  proc sort data=WORK.TEMPREG2 NOTHREADS;
11263  by _NAME_;
11264  run;

NOTE: There were 17 observations read from the data set WORK.TEMPREG2.
NOTE: The data set WORK.TEMPREG2 has 17 observations and 4 variables.
NOTE: PROCEDURE SORT used (Total process time):
      real time           0.00 seconds
      cpu time            0.00 seconds
      

11265  data WORK.TEMPREG3;
11266  merge WORK.TEMPREG(in=ina) WORK.TEMPREG2(in=inb);
11267  by _NAME_;
11268  if (ina and inb) and quality ne . then output;
11269  run;

NOTE: There were 38 observations read from the data set WORK.TEMPREG.
NOTE: There were 17 observations read from the data set WORK.TEMPREG2.
NOTE: The data set WORK.TEMPREG3 has 7 observations and 5 variables.
NOTE: DATA statement used (Total process time):
      real time           0.01 seconds
      cpu time            0.00 seconds
      

11270  data WORK.TEMPREG3(KEEP=TERM);
11271  length term $32;
11272  set WORK.TEMPREG3;
11273  i=1;
11274  do while( scan(input , i, '*') ne '' );
11275  term= scan(input , i, '*');
11276  i=i+1;
11277  output;
11278  end;
11279  run;

NOTE: There were 7 observations read from the data set WORK.TEMPREG3.
NOTE: The data set WORK.TEMPREG3 has 7 observations and 1 variables.
NOTE: DATA statement used (Total process time):
      real time           0.00 seconds
      cpu time            0.00 seconds
      

11280  proc sort data=WORK.TEMPREG3 nodupkey NOTHREADS;
11281  by TERM;
11282  run;

NOTE: There were 7 observations read from the data set WORK.TEMPREG3.
NOTE: 0 observations with duplicate key values were deleted.
NOTE: The data set WORK.TEMPREG3 has 7 observations and 1 variables.
NOTE: PROCEDURE SORT used (Total process time):
      real time           0.00 seconds
      cpu time            0.00 seconds
      

11283  filename emflow "C:\Users\Oscar\Documents\Document\File need to backup\UM\Y4S1\Data Mining and Warehousing\GroupAssignment\GroupAssignment_2023\Workspaces\EMWS2\Reg2\EMFLOWSCORE.sas";
11284  *------------------------------------------------------------*;
11285  * Reg2: Scoring DATA data;
11286  *------------------------------------------------------------*;
11287  data EMWS2.Reg2_TRAIN
11288  / view=EMWS2.Reg2_TRAIN
11289  ;
11290  set EMWS2.Trans_TRAIN
11291  ;
11292  %inc emflow;
11407  run;

NOTE: DATA STEP view saved on file EMWS2.REG2_TRAIN.
NOTE: A stored DATA STEP view cannot run under a different operating system.
NOTE: View EMWS2.TRANS_TRAIN.VIEW used (Total process time):
      real time           0.10 seconds
      cpu time            0.04 seconds
      
NOTE: DATA statement used (Total process time):
      real time           0.11 seconds
      cpu time            0.04 seconds
      

11408  quit;
11409  filename emflow;
NOTE: Fileref EMFLOW has been deassigned.

11410  filename emflow "C:\Users\Oscar\Documents\Document\File need to backup\UM\Y4S1\Data Mining and Warehousing\GroupAssignment\GroupAssignment_2023\Workspaces\EMWS2\Reg2\EMFLOWSCORE.sas";
11411  *------------------------------------------------------------*;
11412  * Reg2: Scoring TEST data;
11413  *------------------------------------------------------------*;
11414  data EMWS2.Reg2_TEST
11415  / view=EMWS2.Reg2_TEST
11416  ;
11417  set EMWS2.Trans_TEST
11418  ;
11419  %inc emflow;
11534  run;

NOTE: DATA STEP view saved on file EMWS2.REG2_TEST.
NOTE: A stored DATA STEP view cannot run under a different operating system.
NOTE: View EMWS2.TRANS_TEST.VIEW used (Total process time):
      real time           0.13 seconds
      cpu time            0.03 seconds
      
NOTE: DATA statement used (Total process time):
      real time           0.15 seconds
      cpu time            0.04 seconds
      

11535  quit;
11536  filename emflow;
NOTE: Fileref EMFLOW has been deassigned.

11537  *------------------------------------------------------------*;
11538  * Reg2: Computing metadata for TRAIN data;
11539  *------------------------------------------------------------*;

NOTE: View EMWS2.REG2_TRAIN.VIEW used (Total process time):
      real time           0.17 seconds
      cpu time            0.09 seconds
      
11902  data WORK.MODELTEMP_INFO;
11903  set EMWS2.Reg2_EMINFO;
11904  where DATA='Reg2' and KEY ^in('DECDATA', 'DECMETA', 'IMPORTANCE', 'MODEL');
11905  run;

NOTE: There were 0 observations read from the data set EMWS2.REG2_EMINFO.
      WHERE (DATA='Reg2') and KEY not in ('DECDATA', 'DECMETA', 'IMPORTANCE', 'MODEL');
NOTE: The data set WORK.MODELTEMP_INFO has 0 observations and 3 variables.
NOTE: DATA statement used (Total process time):
      real time           0.00 seconds
      cpu time            0.00 seconds
      

11906  data EMWS2.Reg2_EMINFO;
11907  length TARGET KEY $32 DATA $43;
11908  input TARGET KEY DATA $;
11909  cards;

NOTE: The data set EMWS2.REG2_EMINFO has 3 observations and 3 variables.
NOTE: DATA statement used (Total process time):
      real time           0.00 seconds
      cpu time            0.00 seconds
      

11913  run;
11914  data EMWS2.Reg2_EMINFO;
11915  set EMWS2.Reg2_EMINFO WORK.MODELTEMP_INFO;
11916  run;

NOTE: There were 3 observations read from the data set EMWS2.REG2_EMINFO.
NOTE: There were 0 observations read from the data set WORK.MODELTEMP_INFO.
NOTE: The data set EMWS2.REG2_EMINFO has 3 observations and 3 variables.
NOTE: DATA statement used (Total process time):
      real time           0.01 seconds
      cpu time            0.00 seconds
      

11917  proc sort data = EMWS2.Reg2_EMINFO NOTHREADS;
11918  by TARGET KEY;
11919  run;

NOTE: There were 3 observations read from the data set EMWS2.REG2_EMINFO.
NOTE: The data set EMWS2.REG2_EMINFO has 3 observations and 3 variables.
NOTE: PROCEDURE SORT used (Total process time):
      real time           0.00 seconds
      cpu time            0.00 seconds
      

NOTE: View EMWS2.REG2_TRAIN.VIEW used (Total process time):
      real time           0.12 seconds
      cpu time            0.06 seconds
      
NOTE: View EMWS2.REG2_TEST.VIEW used (Total process time):
      real time           0.12 seconds
      cpu time            0.06 seconds
      
