 
                                                                                                                                                                                                                                                                
 
Variable Importance

                                                Number of    Number of
                                                Splitting    Surrogate
Variable Name           Label                     Rules        Rules           Importance

density                                              4           33                1.0000
chlorides                                            2           31                0.9291
alcohol                                              7           11                0.9080
sulphates                                            9           15                0.7954
fixed_acidity           fixed acidity                4           23                0.7949
volatile_acidity        volatile acidity            11            5                0.6106
pH                                                   3           20                0.5037
total_sulfur_dioxide    total sulfur dioxide         3           24                0.4799
free_sulfur_dioxide     free sulfur dioxide          8           13                0.4704
category                                             0           12                0.3625
citric_acid             citric acid                  6            7                0.3020
TastingDate                                          0           10                0.2330
 
                                                                                                                                                                                                                                                                
 
Tree Leaf Report

Node               Training      Training    Training
 Id     Depth    Observations     Average    Root ASE

  98      7           359          5.89       0.78633
 115      9           346          5.26       0.51863
  72      6           319          5.78       0.69498
  38      5           279          5.15       0.57103
 101      7           257          6.60       0.71046
  81      6           231          6.10       0.74295
  55      5           228          6.86       0.76153
  43      5           187          5.59       0.73599
  71      6           186          5.11       0.51132
  69      6           172          5.02       0.49970
  42      5           170          5.21       0.67900
  53      5           163          5.92       0.84346
  87      7           162          5.93       0.67702
  59      6           157          6.11       0.75359
  80      6           154          6.53       0.78268
  70      6           136          5.38       0.59482
  78      6           133          6.31       0.67368
  65      6           121          6.00       0.61658
  86      7           104          5.61       0.59514
  18      4            78          5.46       0.81165
  99      7            78          6.32       0.70699
  29      4            75          6.71       0.68844
 106      8            72          5.67       0.55277
  83      6            68          6.40       0.68898
 107      8            63          5.27       0.56922
  56      5            55          6.15       0.58522
  64      6            52          5.62       0.56001
 113      9            48          5.83       0.37268
 110      8            46          5.70       0.62099
 103      8            42          6.14       0.67512
  35      5            40          5.98       0.61186
  97      7            40          6.13       0.71371
  77      6            35          4.71       0.91250
 105      8            35          5.20       0.40000
  76      6            34          5.44       0.69414
  73      6            33          5.24       0.77968
  74      6            32          6.59       0.70086
  62      6            31          5.23       0.65794
  68      6            31          4.65       0.59830
  50      5            30          5.03       0.65744
  51      5            27          5.67       0.76980
  88      7            27          6.96       0.18885
  96      7            22          5.41       0.65081
  57      5            21          6.81       0.49943
  95      7            21          5.90       0.68346
 100      7            21          5.95       0.65292
 104      8            21          5.67       0.47140
 109      8            21          5.57       0.72843
  45      5            19          5.00       0.72548
  89      7            19          7.63       0.48238
 112      9            19          5.32       0.46483
 108      8            17          6.65       0.47788
  84      6            16          7.25       0.75000
  32      5            11          4.82       0.83320
 114      9            10          6.00       0.63246
  27      4             8          4.00       0.86603
  61      6             8          6.00       0.00000
  82      6             8          7.38       0.69597
 
                                                                                                                                                                                                                                                                
 
 
Fit Statistics

Target=quality Target Label=' '

   Fit
Statistics    Statistics Label                Train       Test

  _NOBS_      Sum of Frequencies            5198.00    1299.00
  _MAX_       Maximum Absolute Error           3.41       3.32
  _SSE_       Sum of Squared Errors         2343.87     675.58
  _ASE_       Average Squared Error            0.45       0.52
  _RASE_      Root Average Squared Error       0.67       0.72
  _DIV_       Divisor for ASE               5198.00    1299.00
  _DFT_       Total Degrees of Freedom      5198.00        .  
 
                                                                                                                                                                                                                                                                
 
 
Assessment Score Rankings

Data Role=TRAIN Target Variable=quality Target Label=' '

           Number of       Mean        Mean
Depth    Observations     Target    Predicted

   5          298        6.94966     6.94966 
  10          370        6.63514     6.63514 
  15          186        6.54301     6.54301 
  20          279        6.33333     6.33333 
  25          294        6.12245     6.12245 
  30          231        6.10390     6.10390 
  35          179        5.99441     5.99441 
  40          346        5.92775     5.92775 
  45          380        5.89474     5.89474 
  50           48        5.83333     5.83333 
  55          319        5.78370     5.78370 
  60          218        5.66055     5.66055 
  65          291        5.59450     5.59450 
  70          291        5.42612     5.42612 
  75          428        5.26636     5.26636 
  80           33        5.24242     5.24242 
  85          236        5.21186     5.21186 
  90          279        5.14695     5.14695 
  95          388        5.06443     5.06443 
 100          104        4.70192     4.70192 
 
                                                                                                                                                                                                                                                                
 
 
Assessment Score Distribution

Data Role=TRAIN Target Variable=quality Target Label=' '

  Range for         Mean        Mean        Number of      Model
  Predicted        Target    Predicted    Observations     Score

7.450 -  7.632    7.63158     7.63158           19        7.54079
7.268 -  7.450    7.37500     7.37500            8        7.35921
7.087 -  7.268    7.25000     7.25000           16        7.17763
6.905 -  7.087    6.96296     6.96296           27        6.99605
6.724 -  6.905    6.85141     6.85141          249        6.81447
6.542 -  6.724    6.62205     6.62205          381        6.63289
6.361 -  6.542    6.49099     6.49099          222        6.45132
6.179 -  6.361    6.31280     6.31280          211        6.26974
5.997 -  6.179    6.09036     6.09036          664        6.08816
5.816 -  5.997    5.90909     5.90909          814        5.90658
5.634 -  5.816    5.74639     5.74639          485        5.72500
5.453 -  5.634    5.57240     5.57240          442        5.54342
5.271 -  5.453    5.38863     5.38863          211        5.36184
5.089 -  5.271    5.19948     5.19948         1143        5.18026
4.908 -  5.089    5.01810     5.01810          221        4.99868
4.726 -  4.908    4.81818     4.81818           11        4.81711
4.545 -  4.726    4.68182     4.68182           66        4.63553
4.000 -  4.182    4.00000     4.00000            8        4.09079
