*------------------------------------------------------------*
* Report Log
Date:                January 06, 2024
Time:                00:56:49
*------------------------------------------------------------*
11618  %let _nimpute = 0;
11619  data EMWS2.Impt3_RESULT;
11620  label NAME = "%sysfunc(sasmsg(sashelp.dmine, meta_name_vlabel,        NOQUOTE))" METHOD = "%sysfunc(sasmsg(sashelp.dmine, rpt_imputemethod_vlabel, NOQUOTE))" IMPUTED = "%sysfunc(sasmsg(sashelp.dmine, rpt_imputedvar_vlabel,   NOQUOTE))" INDICATOR =
11621     "%sysfunc(sasmsg(sashelp.dmine, rpt_indicatorvar_vlabel, NOQUOTE))" VALUE = "%sysfunc(sasmsg(sashelp.dmine, rpt_imputevalue_vlabel,  NOQUOTE))" ROLE = "%sysfunc(sasmsg(sashelp.dmine, meta_role_vlabel,        NOQUOTE))" LEVEL =
11622     "%sysfunc(sasmsg(sashelp.dmine, meta_level_vlabel,       NOQUOTE))" LABEL = "%sysfunc(sasmsg(sashelp.dmine, meta_label_vlabel,       NOQUOTE))" TRAIN = "%sysfunc(sasmsg(sashelp.dmine, rpt_missingcount_vlabel, NOQUOTE, TRAIN))";
11623  set EMWS2.Impt3_META(where=(IMPUTED ne '') keep=NAME METHOD IMP VALUE ROLE NMISS LEVEL LABEL rename=(IMP=IMPUTED NMISS=TRAIN)) end=eof;
11624  if eof then call symput('_nimpute', '1');
11625  run;

NOTE: Variable INDICATOR is uninitialized.
NOTE: There were 2 observations read from the data set EMWS2.IMPT3_META.
      WHERE IMPUTED not = ' ';
NOTE: The data set EMWS2.IMPT3_RESULT has 2 observations and 8 variables.
NOTE: DATA statement used (Total process time):
      real time           0.00 seconds
      cpu time            0.00 seconds
      

11626  proc print data=EMWS2.Impt3_RESULT(obs=500) label noobs;
11627  title9 "%sysfunc(sasmsg(sashelp.dmine, rpt_imputationsummary_title, NOQUOTE))";
11628  title10 "%sysfunc(sasmsg(sashelp.dmine, rpt_numberobs_title,         NOQUOTE))";
11629  run;

NOTE: There were 2 observations read from the data set EMWS2.IMPT3_RESULT.
NOTE: The PROCEDURE PRINT printed page 2.
NOTE: PROCEDURE PRINT used (Total process time):
      real time           0.01 seconds
      cpu time            0.00 seconds
      

11630  proc freq data=EMWS2.Impt3_RESULT noprint;
11631  table train /out=WORK.Impt3SUMMARY nocum;
11632  run;

NOTE: There were 2 observations read from the data set EMWS2.IMPT3_RESULT.
NOTE: The data set WORK.IMPT3SUMMARY has 1 observations and 3 variables.
NOTE: PROCEDURE FREQ used (Total process time):
      real time           0.01 seconds
      cpu time            0.00 seconds
      

11633  proc sort data=WORK.Impt3SUMMARY NOTHREADS;
11634  by descending TRAIN;
11635  run;

NOTE: There were 1 observations read from the data set WORK.IMPT3SUMMARY.
NOTE: The data set WORK.IMPT3SUMMARY has 1 observations and 3 variables.
NOTE: PROCEDURE SORT used (Total process time):
      real time           0.00 seconds
      cpu time            0.00 seconds
      

11636  proc print data=WORK.Impt3SUMMARY(obs=100) label;
11637  label COUNT = "%sysfunc(sasmsg(sashelp.dmine, rpt_varcount_vlabel,  NOQUOTE))" PERCENT = "%sysfunc(sasmsg(sashelp.dmine, rpt_varpercent_vlabel,  NOQUOTE))";
11638  title9 ' ';
11639  title10 "%sysfunc(sasmsg(sashelp.dmine, rpt_missingvardistribution_title, NOQUOTE))";
11640  run;

NOTE: There were 1 observations read from the data set WORK.IMPT3SUMMARY.
NOTE: The PROCEDURE PRINT printed page 3.
NOTE: PROCEDURE PRINT used (Total process time):
      real time           0.00 seconds
      cpu time            0.00 seconds
      

11641  data EMWS2.Impt3_EMSCOREVAR;
11642  length Name $32 formula $70 file $200;
11643  keep NAME Formula file;
11644  set EMWS2.Impt3_META end=eof;
11645  *set EMWS2.Impt3_RESULT end=eof;
11646  if M ne '' then do;
11647  NAME= M;
11648  file="IMPUTECODE\"!!strip(NAME)!!'.sas';
11649  output;
11650  end;
11651  if IMP ne '' then do;
11652  NAME= IMP;
11653  file="IMPUTECODE\"!!strip(NAME)!!'.sas';
11654  output;
11655  end;
11656  run;

NOTE: Variable formula is uninitialized.
NOTE: There were 14 observations read from the data set EMWS2.IMPT3_META.
NOTE: The data set EMWS2.IMPT3_EMSCOREVAR has 16 observations and 3 variables.
NOTE: DATA statement used (Total process time):
      real time           0.00 seconds
      cpu time            0.00 seconds
      

