*------------------------------------------------------------*
* Report Log
Date:                January 07, 2024
Time:                01:17:16
*------------------------------------------------------------*
11416  *------------------------------------------------------------*;
11417  * Smpl: Computing statistics for class target variables;
11418  *------------------------------------------------------------*;
11419  ods listing close;
11420  ods output onewayfreqs=WORK.TEMPFREQ;
11421  proc freq data = EMWS2.Smpl_DATA order=formatted addnames;
11422  table quality / missing;
11423  run;

NOTE: The data set WORK.TEMPFREQ has 7 observations and 8 variables.
NOTE: There were 650 observations read from the data set EMWS2.SMPL_DATA.
NOTE: PROCEDURE FREQ used (Total process time):
      real time           0.01 seconds
      cpu time            0.00 seconds
      

11424  quit;
11425  ods listing;
11426  data WORK.Smpl_BAR(keep=_VARIABLE_ TYPE COUNT PERCENT _X_ _XLABEL_);
11427  label _VARIABLE_ = "%sysfunc(sasmsg(sashelp.dmine, rpt_variable_vlabel, NOQUOTE))" Type = "%sysfunc(sasmsg(sashelp.dmine, rpt_type_vlabel,         NOQUOTE))" _X_ = "%sysfunc(sasmsg(sashelp.dmine, rpt_numValue_vlabel, NOQUOTE))" _XLABEL_ =
11428     "%sysfunc(sasmsg(sashelp.dmine, rpt_fmtValue_vlabel ,    NOQUOTE))" COUNT = "%sysfunc(sasmsg(sashelp.dmine, rpt_count_vlabel,        NOQUOTE))" PERCENT = "%sysfunc(sasmsg(sashelp.dmine, rpt_percent_vlabel,      NOQUOTE))";
11429  dsid = open("WORK.TEMPFREQ");
11430  varnum = varnum(dsid, 'VARIABLE');
11431  freqnum = varnum(dsid, 'FREQUENCY');
11432  pvarnum = varnum(dsid, 'PERCENT');
11433  typenum = varnum(dsid, '_TYPE_');
11434  length _VARIABLE_ $32 TYPE $1 _XLABEL_ $32;
11435  do while(^fetch(dsid));
11436  _VARIABLE_ = strip(getvarc(dsid, varnum));
11437  count = getvarn(dsid, freqnum);
11438  percent= getvarn(dsid, pvarnum);
11439  vvarnum = varnum(dsid, _VARIABLE_);
11440  type = vartype(dsid, vvarnum);
11441  fvarnum = varnum(dsid, 'F_'!!substr(_VARIABLE_, 1, 30));
11442  _XLABEL_ = left(getvarc(dsid, fvarnum));
11443  _X_ = .;
11444  if TYPE eq 'N' then _X_ = getvarn(dsid, vvarnum);
11445  output;
11446  end;
11447  dsid = close(dsid);
11448  run;

NOTE: The data set WORK.SMPL_BAR has 7 observations and 6 variables.
NOTE: DATA statement used (Total process time):
      real time           0.00 seconds
      cpu time            0.00 seconds
      

11449  proc sort data=WORK.Smpl_BAR NOTHREADS;
11450  by _VARIABLE_;
11451  run;

NOTE: There were 7 observations read from the data set WORK.SMPL_BAR.
NOTE: The data set WORK.SMPL_BAR has 7 observations and 6 variables.
NOTE: PROCEDURE SORT used (Total process time):
      real time           0.00 seconds
      cpu time            0.00 seconds
      

11452  proc sort data=WORK.M3FTC2XP;
11453  by Name;
11454  run;

NOTE: There were 1 observations read from the data set WORK.M3FTC2XP.
NOTE: The data set WORK.M3FTC2XP has 1 observations and 21 variables.
NOTE: PROCEDURE SORT used (Total process time):
      real time           0.00 seconds
      cpu time            0.00 seconds
      

11455  data WORK.Smpl_BAR;
11456  merge WORK.Smpl_BAR(in=_a) WORK.M3FTC2XP(keep=Name Label Role rename=(Name=_Variable_ Label=_Label_));
11457  by _Variable_;
11458  label Role = "%sysfunc(sasmsg(sashelp.dmine, meta_role_vlabel ,  NOQUOTE))";
11459  label Label = "%sysfunc(sasmsg(sashelp.dmine, meta_label_vlabel , NOQUOTE))";
11460  if _a then output;
11461  run;

NOTE: Variable Label is uninitialized.
WARNING: Multiple lengths were specified for the BY variable _VARIABLE_ by input data sets. This might cause unexpected results.
NOTE: There were 7 observations read from the data set WORK.SMPL_BAR.
NOTE: There were 1 observations read from the data set WORK.M3FTC2XP.
NOTE: The data set WORK.SMPL_BAR has 7 observations and 8 variables.
NOTE: DATA statement used (Total process time):
      real time           0.01 seconds
      cpu time            0.01 seconds
      

11462  data EMWS2.Smpl_CLASS;
11463  length DATA $6;
11464  set WORK.Smpl_BAR;
11465  DATA = 'SAMPLE';
11466  run;

NOTE: There were 7 observations read from the data set WORK.SMPL_BAR.
NOTE: The data set EMWS2.SMPL_CLASS has 7 observations and 9 variables.
NOTE: DATA statement used (Total process time):
      real time           0.01 seconds
      cpu time            0.00 seconds
      

11467  ods listing close;
11468  ods output onewayfreqs=WORK.TEMPFREQ;
11469  proc freq data = EMWS2.FIMPORT3_train order=formatted addnames;
11470  table quality / missing;
11471  run;

NOTE: View EMWS2.FIMPORT3_TRAIN.VIEW used (Total process time):
      real time           0.04 seconds
      cpu time            0.01 seconds
      
NOTE: There were 6497 observations read from the data set EMWS2.FIMPORT3_DATA.
NOTE: The data set WORK.TEMPFREQ has 7 observations and 8 variables.
NOTE: There were 6497 observations read from the data set EMWS2.FIMPORT3_TRAIN.
NOTE: PROCEDURE FREQ used (Total process time):
      real time           0.04 seconds
      cpu time            0.01 seconds
      

11472  quit;
11473  ods listing;
11474  data WORK.Smpl_BAR(keep=_VARIABLE_ TYPE COUNT PERCENT _X_ _XLABEL_);
11475  label _VARIABLE_ = "%sysfunc(sasmsg(sashelp.dmine, rpt_variable_vlabel, NOQUOTE))" Type = "%sysfunc(sasmsg(sashelp.dmine, rpt_type_vlabel,         NOQUOTE))" _X_ = "%sysfunc(sasmsg(sashelp.dmine, rpt_numValue_vlabel, NOQUOTE))" _XLABEL_ =
11476     "%sysfunc(sasmsg(sashelp.dmine, rpt_fmtValue_vlabel ,    NOQUOTE))" COUNT = "%sysfunc(sasmsg(sashelp.dmine, rpt_count_vlabel,        NOQUOTE))" PERCENT = "%sysfunc(sasmsg(sashelp.dmine, rpt_percent_vlabel,      NOQUOTE))";
11477  dsid = open("WORK.TEMPFREQ");
11478  varnum = varnum(dsid, 'VARIABLE');
11479  freqnum = varnum(dsid, 'FREQUENCY');
11480  pvarnum = varnum(dsid, 'PERCENT');
11481  typenum = varnum(dsid, '_TYPE_');
11482  length _VARIABLE_ $32 TYPE $1 _XLABEL_ $32;
11483  do while(^fetch(dsid));
11484  _VARIABLE_ = strip(getvarc(dsid, varnum));
11485  count = getvarn(dsid, freqnum);
11486  percent= getvarn(dsid, pvarnum);
11487  vvarnum = varnum(dsid, _VARIABLE_);
11488  type = vartype(dsid, vvarnum);
11489  fvarnum = varnum(dsid, 'F_'!!substr(_VARIABLE_, 1, 30));
11490  _XLABEL_ = left(getvarc(dsid, fvarnum));
11491  _X_ = .;
11492  if TYPE eq 'N' then _X_ = getvarn(dsid, vvarnum);
11493  output;
11494  end;
11495  dsid = close(dsid);
11496  run;

NOTE: The data set WORK.SMPL_BAR has 7 observations and 6 variables.
NOTE: DATA statement used (Total process time):
      real time           0.00 seconds
      cpu time            0.00 seconds
      

11497  proc sort data=WORK.Smpl_BAR NOTHREADS;
11498  by _VARIABLE_;
11499  run;

NOTE: There were 7 observations read from the data set WORK.SMPL_BAR.
NOTE: The data set WORK.SMPL_BAR has 7 observations and 6 variables.
NOTE: PROCEDURE SORT used (Total process time):
      real time           0.00 seconds
      cpu time            0.00 seconds
      

11500  proc sort data=WORK.M3FTC2XP;
11501  by Name;
11502  run;

NOTE: Input data set is already sorted, no sorting done.
NOTE: PROCEDURE SORT used (Total process time):
      real time           0.00 seconds
      cpu time            0.00 seconds
      

11503  data WORK.Smpl_BAR;
11504  merge WORK.Smpl_BAR(in=_a) WORK.M3FTC2XP(keep=Name Label Role rename=(Name=_Variable_ Label=_Label_));
11505  by _Variable_;
11506  label Role = "%sysfunc(sasmsg(sashelp.dmine, meta_role_vlabel ,  NOQUOTE))";
11507  label Label = "%sysfunc(sasmsg(sashelp.dmine, meta_label_vlabel , NOQUOTE))";
11508  if _a then output;
11509  run;

NOTE: Variable Label is uninitialized.
WARNING: Multiple lengths were specified for the BY variable _VARIABLE_ by input data sets. This might cause unexpected results.
NOTE: There were 7 observations read from the data set WORK.SMPL_BAR.
NOTE: There were 1 observations read from the data set WORK.M3FTC2XP.
NOTE: The data set WORK.SMPL_BAR has 7 observations and 8 variables.
NOTE: DATA statement used (Total process time):
      real time           0.00 seconds
      cpu time            0.00 seconds
      

11510  data WORK.Smpl_BAR;
11511  length DATA $6;
11512  set WORK.Smpl_BAR;
11513  DATA = 'DATA';
11514  run;

NOTE: There were 7 observations read from the data set WORK.SMPL_BAR.
NOTE: The data set WORK.SMPL_BAR has 7 observations and 9 variables.
NOTE: DATA statement used (Total process time):
      real time           0.00 seconds
      cpu time            0.00 seconds
      

11515  data EMWS2.Smpl_CLASS;
11516  set EMWS2.Smpl_CLASS WORK.Smpl_BAR;
11517  run;

NOTE: There were 7 observations read from the data set EMWS2.SMPL_CLASS.
NOTE: There were 7 observations read from the data set WORK.SMPL_BAR.
NOTE: The data set EMWS2.SMPL_CLASS has 14 observations and 9 variables.
NOTE: DATA statement used (Total process time):
      real time           0.00 seconds
      cpu time            0.00 seconds
      

11518  data EMWS2.Smpl_CLASS(rename=(_VARIABLE_=VARIABLE _X_=VALUE _XLABEL_=FORMATTEDVALUE));
11519  label Data = "%sysfunc(sasmsg(sashelp.dmine, rpt_data_vlabel ,     NOQUOTE))";
11520  label _VARIABLE_ = "%sysfunc(sasmsg(sashelp.dmine, rpt_variable_vlabel , NOQUOTE))";
11521  label _X_ = "%sysfunc(sasmsg(sashelp.dmine, rpt_numValue_vlabel , NOQUOTE))";
11522  label _XLABEL_ = "%sysfunc(sasmsg(sashelp.dmine, rpt_fmtValue_vlabel , NOQUOTE))";
11523  set EMWS2.Smpl_CLASS;
11524  drop type role;
11525  run;

NOTE: There were 14 observations read from the data set EMWS2.SMPL_CLASS.
NOTE: The data set EMWS2.SMPL_CLASS has 14 observations and 7 variables.
NOTE: DATA statement used (Total process time):
      real time           0.00 seconds
      cpu time            0.00 seconds
      

11526  proc sort data=EMWS2.Smpl_CLASS NOTHREADS;
11527  by DATA;
11528  run;

NOTE: There were 14 observations read from the data set EMWS2.SMPL_CLASS.
NOTE: The data set EMWS2.SMPL_CLASS has 14 observations and 7 variables.
NOTE: PROCEDURE SORT used (Total process time):
      real time           0.00 seconds
      cpu time            0.00 seconds
      

11529  %let _cn = %sysfunc(getoption(CENTER));
11530  %let _nb = %sysfunc(getoption(NUMBER));
11531  options nonumber nocenter;
11532  title;
11533  proc print data=EMWS2.Smpl_CLASS(obs=500) noobs label;
11534  by DATA;
11535  title9 "%sysfunc(sasmsg(sashelp.dmine, rpt_classTargetStats_title, NOQUOTE))";
11536  title10 "%sysfunc(sasmsg(sashelp.dmine, rpt_maxObsPrinted_title, NOQUOTE, 500))";
11537  run;

NOTE: There were 14 observations read from the data set EMWS2.SMPL_CLASS.
NOTE: The PROCEDURE PRINT printed page 3.
NOTE: PROCEDURE PRINT used (Total process time):
      real time           0.00 seconds
      cpu time            0.00 seconds
      

11538  title9;
11539  title10;
11540  options &_cn &_nb;

